
Showing logs for build [32msalaboy-fmtok8s-email-master-vw7sf-5[0m stage [32mfrom-build-pack[0m and container [32mstep-credential-initializer-prhnl[0m
{"level":"info","ts":1594198451.308026,"logger":"fallback-logger","caller":"logging/config.go:69","msg":"Fetch GitHub commit ID from kodata failed: open /var/run/ko/refs/heads/0.8.0-ns-support: no such file or directory"}
{"level":"info","ts":1594198451.308469,"logger":"fallback-logger","caller":"creds-init/main.go:40","msg":"Credentials initialized."}

Showing logs for build [32msalaboy-fmtok8s-email-master-vw7sf-5[0m stage [32mfrom-build-pack[0m and container [32mstep-working-dir-initializer-f4vdc[0m
{"level":"info","ts":1594198452.5782008,"logger":"fallback-logger","caller":"logging/config.go:69","msg":"Fetch GitHub commit ID from kodata failed: open /var/run/ko/HEAD: no such file or directory"}
{"level":"info","ts":1594198452.5798004,"logger":"fallback-logger","caller":"bash/main.go:64","msg":"Successfully executed command \"sh -c mkdir -p /workspace/source\"; output "}

Showing logs for build [32msalaboy-fmtok8s-email-master-vw7sf-5[0m stage [32mfrom-build-pack[0m and container [32mstep-place-tools[0m

Showing logs for build [32msalaboy-fmtok8s-email-master-vw7sf-5[0m stage [32mfrom-build-pack[0m and container [32mstep-git-source-salaboy-fmtok8s-email-master-vw7sf-5d4gz[0m
{"level":"info","ts":1594198459.662142,"logger":"fallback-logger","caller":"logging/config.go:69","msg":"Fetch GitHub commit ID from kodata failed: open /var/run/ko/refs/heads/0.8.0-ns-support: no such file or directory"}
{"level":"info","ts":1594198460.7982452,"logger":"fallback-logger","caller":"git/git.go:103","msg":"Successfully cloned https://github.com/*******/fmtok8s-email.git @ v0.0.27 in path /workspace/source"}

Showing logs for build [32msalaboy-fmtok8s-email-master-vw7sf-5[0m stage [32mfrom-build-pack[0m and container [32mstep-setup-builder-home[0m

Showing logs for build [32msalaboy-fmtok8s-email-master-vw7sf-5[0m stage [32mfrom-build-pack[0m and container [32mstep-git-merge[0m
Using SHAs from PULL_REFS=master:
WARNING: no SHAs to merge, falling back to initial cloned commit

Showing logs for build [32msalaboy-fmtok8s-email-master-vw7sf-5[0m stage [32mfrom-build-pack[0m and container [32mstep-setup-jx-git-credentials[0m
Generated Git credentials file /workspace/xdg_config/git/credentials

Showing logs for build [32msalaboy-fmtok8s-email-master-vw7sf-5[0m stage [32mfrom-build-pack[0m and container [32mstep-build-mvn-deploy[0m
Picked up _JAVA_OPTIONS: -XX:+UnlockExperimentalVMOptions -Dsun.zip.disableMemoryMapping=true -XX:+UseParallelGC -XX:MinHeapFreeRatio=5 -XX:MaxHeapFreeRatio=10 -XX:GCTimeRatio=4 -XX:AdaptiveSizePolicyWeight=90 -Xms10m -Xmx192m
[INFO] Scanning for projects...
[INFO] 
[INFO] --------------< com.*******.conferences:conference-email >--------------
[INFO] Building From Monolith to K8S :: Email Service 0.0.27
[INFO] --------------------------------[ jar ]---------------------------------
[INFO] 
[INFO] --- maven-clean-plugin:3.1.0:clean (default-clean) @ conference-email ---
[INFO] 
[INFO] --- maven-resources-plugin:3.1.0:resources (default-resources) @ conference-email ---
[INFO] Using 'UTF-8' encoding to copy filtered resources.
[INFO] Copying 1 resource
[INFO] Copying 0 resource
[INFO] 
[INFO] --- maven-compiler-plugin:3.8.1:compile (default-compile) @ conference-email ---
[INFO] Changes detected - recompiling the module!
[INFO] Compiling 2 source files to /workspace/source/target/classes
[INFO] 
[INFO] --- maven-resources-plugin:3.1.0:testResources (default-testResources) @ conference-email ---
[INFO] Using 'UTF-8' encoding to copy filtered resources.
[INFO] skip non existing resourceDirectory /workspace/source/src/test/resources
[INFO] 
[INFO] --- maven-compiler-plugin:3.8.1:testCompile (default-testCompile) @ conference-email ---
[INFO] Changes detected - recompiling the module!
[INFO] Compiling 1 source file to /workspace/source/target/test-classes
[INFO] 
[INFO] --- maven-surefire-plugin:3.0.0-M1:test (default-test) @ conference-email ---
[INFO] 
[INFO] -------------------------------------------------------
[INFO]  T E S T S
[INFO] -------------------------------------------------------
[WARNING] Corrupted STDOUT by directly writing to native stream in forked JVM 1. See FAQ web page and the dump file /workspace/source/target/surefire-reports/2020-07-08T08-55-00_545-jvmRun1.dumpstream
08:55:05.680 [main] DEBUG org.springframework.test.context.junit4.SpringJUnit4ClassRunner - SpringJUnit4ClassRunner constructor called with [class com.*******.conferences.email.EmailServiceTests]
08:55:05.681 [main] DEBUG org.springframework.test.context.BootstrapUtils - Instantiating CacheAwareContextLoaderDelegate from class [org.springframework.test.context.cache.DefaultCacheAwareContextLoaderDelegate]
08:55:05.743 [main] DEBUG org.springframework.test.context.BootstrapUtils - Instantiating BootstrapContext using constructor [public org.springframework.test.context.support.DefaultBootstrapContext(java.lang.Class,org.springframework.test.context.CacheAwareContextLoaderDelegate)]
08:55:05.744 [main] DEBUG org.springframework.test.context.BootstrapUtils - Instantiating TestContextBootstrapper for test class [com.*******.conferences.email.EmailServiceTests] from class [org.springframework.boot.test.context.SpringBootTestContextBootstrapper]
08:55:05.745 [main] INFO org.springframework.boot.test.context.SpringBootTestContextBootstrapper - Neither @ContextConfiguration nor @ContextHierarchy found for test class [com.*******.conferences.email.EmailServiceTests], using SpringBootContextLoader
08:55:05.747 [main] DEBUG org.springframework.test.context.support.AbstractContextLoader - Did not detect default resource location for test class [com.*******.conferences.email.EmailServiceTests]: class path resource [com/*******/conferences/email/EmailServiceTests-context.xml] does not exist
08:55:05.748 [main] DEBUG org.springframework.test.context.support.AbstractContextLoader - Did not detect default resource location for test class [com.*******.conferences.email.EmailServiceTests]: class path resource [com/*******/conferences/email/EmailServiceTestsContext.groovy] does not exist
08:55:05.748 [main] INFO org.springframework.test.context.support.AbstractContextLoader - Could not detect default resource locations for test class [com.*******.conferences.email.EmailServiceTests]: no resource found for suffixes {-context.xml, Context.groovy}.
08:55:05.748 [main] INFO org.springframework.test.context.support.AnnotationConfigContextLoaderUtils - Could not detect default configuration classes for test class [com.*******.conferences.email.EmailServiceTests]: EmailServiceTests does not declare any static, non-private, non-final, nested classes annotated with @Configuration.
08:55:05.751 [main] DEBUG org.springframework.test.context.support.ActiveProfilesUtils - Could not find an 'annotation declaring class' for annotation type [org.springframework.test.context.ActiveProfiles] and class [com.*******.conferences.email.EmailServiceTests]
08:55:05.752 [main] INFO org.springframework.boot.test.context.SpringBootTestContextBootstrapper - Found @SpringBootConfiguration com.*******.conferences.email.EmailService for test class com.*******.conferences.email.EmailServiceTests
08:55:05.756 [main] DEBUG org.springframework.boot.test.context.SpringBootTestContextBootstrapper - @TestExecutionListeners is not present for class [com.*******.conferences.email.EmailServiceTests]: using defaults.
08:55:05.757 [main] INFO org.springframework.boot.test.context.SpringBootTestContextBootstrapper - Loaded default TestExecutionListener class names from location [META-INF/spring.factories]: [org.springframework.boot.test.mock.mockito.MockitoTestExecutionListener, org.springframework.boot.test.mock.mockito.ResetMocksTestExecutionListener, org.springframework.boot.test.autoconfigure.restdocs.RestDocsTestExecutionListener, org.springframework.boot.test.autoconfigure.web.client.MockRestServiceServerResetTestExecutionListener, org.springframework.boot.test.autoconfigure.web.servlet.MockMvcPrintOnlyOnFailureTestExecutionListener, org.springframework.boot.test.autoconfigure.web.servlet.WebDriverTestExecutionListener, org.springframework.test.context.web.ServletTestExecutionListener, org.springframework.test.context.support.DirtiesContextBeforeModesTestExecutionListener, org.springframework.test.context.support.DependencyInjectionTestExecutionListener, org.springframework.test.context.support.DirtiesContextTestExecutionListener, org.springframework.test.context.transaction.TransactionalTestExecutionListener, org.springframework.test.context.jdbc.SqlScriptsTestExecutionListener, org.springframework.test.context.event.EventPublishingTestExecutionListener]
08:55:05.758 [main] DEBUG org.springframework.boot.test.context.SpringBootTestContextBootstrapper - Skipping candidate TestExecutionListener [org.springframework.test.context.web.ServletTestExecutionListener] due to a missing dependency. Specify custom listener classes or make the default listener classes and their required dependencies available. Offending class: [javax/servlet/ServletContext]
08:55:05.759 [main] DEBUG org.springframework.boot.test.context.SpringBootTestContextBootstrapper - Skipping candidate TestExecutionListener [org.springframework.test.context.transaction.TransactionalTestExecutionListener] due to a missing dependency. Specify custom listener classes or make the default listener classes and their required dependencies available. Offending class: [org/springframework/transaction/TransactionDefinition]
08:55:05.760 [main] DEBUG org.springframework.boot.test.context.SpringBootTestContextBootstrapper - Skipping candidate TestExecutionListener [org.springframework.test.context.jdbc.SqlScriptsTestExecutionListener] due to a missing dependency. Specify custom listener classes or make the default listener classes and their required dependencies available. Offending class: [org/springframework/transaction/interceptor/TransactionAttribute]
08:55:05.760 [main] INFO org.springframework.boot.test.context.SpringBootTestContextBootstrapper - Using TestExecutionListeners: [org.springframework.test.context.support.DirtiesContextBeforeModesTestExecutionListener@301ec38b, org.springframework.boot.test.mock.mockito.MockitoTestExecutionListener@17a1e4ca, org.springframework.boot.test.autoconfigure.SpringBootDependencyInjectionTestExecutionListener@10ded6a9, org.springframework.test.context.support.DirtiesContextTestExecutionListener@c5dc4a2, org.springframework.test.context.event.EventPublishingTestExecutionListener@4a194c39, org.springframework.boot.test.mock.mockito.ResetMocksTestExecutionListener@52066604, org.springframework.boot.test.autoconfigure.restdocs.RestDocsTestExecutionListener@340b9973, org.springframework.boot.test.autoconfigure.web.client.MockRestServiceServerResetTestExecutionListener@56113384, org.springframework.boot.test.autoconfigure.web.servlet.MockMvcPrintOnlyOnFailureTestExecutionListener@5669c5fb, org.springframework.boot.test.autoconfigure.web.servlet.WebDriverTestExecutionListener@373ebf74]
08:55:05.761 [main] DEBUG org.springframework.test.annotation.ProfileValueUtils - Retrieved @ProfileValueSourceConfiguration [null] for test class [com.*******.conferences.email.EmailServiceTests]
08:55:05.761 [main] DEBUG org.springframework.test.annotation.ProfileValueUtils - Retrieved ProfileValueSource type [class org.springframework.test.annotation.SystemProfileValueSource] for class [com.*******.conferences.email.EmailServiceTests]
08:55:06.072 [main] DEBUG org.springframework.test.annotation.ProfileValueUtils - Retrieved @ProfileValueSourceConfiguration [null] for test class [com.*******.conferences.email.EmailServiceTests]
08:55:06.072 [main] DEBUG org.springframework.test.annotation.ProfileValueUtils - Retrieved ProfileValueSource type [class org.springframework.test.annotation.SystemProfileValueSource] for class [com.*******.conferences.email.EmailServiceTests]
[INFO] Running com.*******.conferences.email.EmailServiceTests
08:55:06.078 [main] DEBUG org.springframework.test.annotation.ProfileValueUtils - Retrieved @ProfileValueSourceConfiguration [null] for test class [com.*******.conferences.email.EmailServiceTests]
08:55:06.078 [main] DEBUG org.springframework.test.annotation.ProfileValueUtils - Retrieved ProfileValueSource type [class org.springframework.test.annotation.SystemProfileValueSource] for class [com.*******.conferences.email.EmailServiceTests]
08:55:06.079 [main] DEBUG org.springframework.test.annotation.ProfileValueUtils - Retrieved @ProfileValueSourceConfiguration [null] for test class [com.*******.conferences.email.EmailServiceTests]
08:55:06.079 [main] DEBUG org.springframework.test.annotation.ProfileValueUtils - Retrieved ProfileValueSource type [class org.springframework.test.annotation.SystemProfileValueSource] for class [com.*******.conferences.email.EmailServiceTests]
08:55:06.086 [main] DEBUG org.springframework.test.context.support.AbstractDirtiesContextTestExecutionListener - Before test class: context [DefaultTestContext@45905bff testClass = EmailServiceTests, testInstance = [null], testMethod = [null], testException = [null], mergedContextConfiguration = [ReactiveWebMergedContextConfiguration@2a2c13a8 testClass = EmailServiceTests, locations = '{}', classes = '{class com.*******.conferences.email.EmailService}', contextInitializerClasses = '[]', activeProfiles = '{}', propertySourceLocations = '{}', propertySourceProperties = '{org.springframework.boot.test.context.SpringBootTestContextBootstrapper=true}', contextCustomizers = set[org.springframework.boot.test.context.filter.ExcludeFilterContextCustomizer@8462f31, org.springframework.boot.test.json.DuplicateJsonObjectContextCustomizerFactory$DuplicateJsonObjectContextCustomizer@70ed52de, org.springframework.boot.test.mock.mockito.MockitoContextCustomizer@0, org.springframework.boot.test.web.client.TestRestTemplateContextCustomizer@2a693f59, org.springframework.boot.test.web.reactive.server.WebTestClientContextCustomizer@4d0d9fe7, org.springframework.boot.test.autoconfigure.properties.PropertyMappingContextCustomizer@0, org.springframework.boot.test.autoconfigure.web.servlet.WebDriverContextCustomizerFactory$Customizer@3cce5371], contextLoader = 'org.springframework.boot.test.context.SpringBootContextLoader', parent = [null]], attributes = map[[empty]]], class annotated with @DirtiesContext [false] with mode [null].
08:55:06.147 [main] DEBUG org.springframework.test.annotation.ProfileValueUtils - Retrieved @ProfileValueSourceConfiguration [null] for test class [com.*******.conferences.email.EmailServiceTests]
08:55:06.148 [main] DEBUG org.springframework.test.annotation.ProfileValueUtils - Retrieved ProfileValueSource type [class org.springframework.test.annotation.SystemProfileValueSource] for class [com.*******.conferences.email.EmailServiceTests]
08:55:06.162 [main] DEBUG org.springframework.test.context.support.DependencyInjectionTestExecutionListener - Performing dependency injection for test context [[DefaultTestContext@45905bff testClass = EmailServiceTests, testInstance = com.*******.conferences.email.EmailServiceTests@1021f6c9, testMethod = [null], testException = [null], mergedContextConfiguration = [ReactiveWebMergedContextConfiguration@2a2c13a8 testClass = EmailServiceTests, locations = '{}', classes = '{class com.*******.conferences.email.EmailService}', contextInitializerClasses = '[]', activeProfiles = '{}', propertySourceLocations = '{}', propertySourceProperties = '{org.springframework.boot.test.context.SpringBootTestContextBootstrapper=true}', contextCustomizers = set[org.springframework.boot.test.context.filter.ExcludeFilterContextCustomizer@8462f31, org.springframework.boot.test.json.DuplicateJsonObjectContextCustomizerFactory$DuplicateJsonObjectContextCustomizer@70ed52de, org.springframework.boot.test.mock.mockito.MockitoContextCustomizer@0, org.springframework.boot.test.web.client.TestRestTemplateContextCustomizer@2a693f59, org.springframework.boot.test.web.reactive.server.WebTestClientContextCustomizer@4d0d9fe7, org.springframework.boot.test.autoconfigure.properties.PropertyMappingContextCustomizer@0, org.springframework.boot.test.autoconfigure.web.servlet.WebDriverContextCustomizerFactory$Customizer@3cce5371], contextLoader = 'org.springframework.boot.test.context.SpringBootContextLoader', parent = [null]], attributes = map[[empty]]]].
08:55:06.262 [main] DEBUG org.springframework.test.context.support.TestPropertySourceUtils - Adding inlined properties to environment: {spring.jmx.enabled=false, org.springframework.boot.test.context.SpringBootTestContextBootstrapper=true, server.port=-1}

  .   ____          _            __ _ _
 /\\ / ___'_ __ _ _(_)_ __  __ _ \ \ \ \
( ( )\___ | '_ | '_| | '_ \/ _` | \ \ \ \
 \\/  ___)| |_)| | | | | || (_| |  ) ) ) )
  '  |____| .__|_| |_|_| |_\__, | / / / /
 =========|_|==============|___/=/_/_/_/
 :: Spring Boot ::        (v2.2.6.RELEASE)

2020-07-08 08:55:07.189  INFO 71 --- [           main] c.s.conferences.email.EmailServiceTests  : Starting EmailServiceTests on *******-fmtok8s-email-master-vw7sf-5-from-build-pack-tpb62-pod with PID 71 (started by root in /workspace/source)
2020-07-08 08:55:07.193  INFO 71 --- [           main] c.s.conferences.email.EmailServiceTests  : No active profile set, falling back to default profiles: default
2020-07-08 08:55:11.151  INFO 71 --- [           main] trationDelegate$BeanPostProcessorChecker : Bean 'io.zeebe.spring.client.config.processor.PostProcessorConfiguration' of type [io.zeebe.spring.client.config.processor.PostProcessorConfiguration] is not eligible for getting processed by all BeanPostProcessors (for example: not eligible for auto-proxying)
2020-07-08 08:55:11.171  INFO 71 --- [           main] trationDelegate$BeanPostProcessorChecker : Bean 'io.zeebe.spring.client.bean.value.factory.ReadAnnotationValueConfiguration' of type [io.zeebe.spring.client.bean.value.factory.ReadAnnotationValueConfiguration] is not eligible for getting processed by all BeanPostProcessors (for example: not eligible for auto-proxying)
2020-07-08 08:55:11.179  INFO 71 --- [           main] trationDelegate$BeanPostProcessorChecker : Bean 'zeebeExpressionResolver' of type [io.zeebe.spring.util.ZeebeExpressionResolver] is not eligible for getting processed by all BeanPostProcessors (for example: not eligible for auto-proxying)
2020-07-08 08:55:11.259  INFO 71 --- [           main] trationDelegate$BeanPostProcessorChecker : Bean 'readZeebeDeploymentValue' of type [io.zeebe.spring.client.bean.value.factory.ReadZeebeDeploymentValue] is not eligible for getting processed by all BeanPostProcessors (for example: not eligible for auto-proxying)
2020-07-08 08:55:11.269  INFO 71 --- [           main] trationDelegate$BeanPostProcessorChecker : Bean 'deploymentPostProcessor' of type [io.zeebe.spring.client.config.processor.DeploymentPostProcessor] is not eligible for getting processed by all BeanPostProcessors (for example: not eligible for auto-proxying)
2020-07-08 08:55:11.276  INFO 71 --- [           main] trationDelegate$BeanPostProcessorChecker : Bean 'readZeebeWorkerValue' of type [io.zeebe.spring.client.bean.value.factory.ReadZeebeWorkerValue] is not eligible for getting processed by all BeanPostProcessors (for example: not eligible for auto-proxying)
2020-07-08 08:55:11.350  INFO 71 --- [           main] trationDelegate$BeanPostProcessorChecker : Bean 'zeebeWorkerPostProcessor' of type [io.zeebe.spring.client.config.processor.ZeebeWorkerPostProcessor] is not eligible for getting processed by all BeanPostProcessors (for example: not eligible for auto-proxying)
2020-07-08 08:55:11.551  INFO 71 --- [           main] trationDelegate$BeanPostProcessorChecker : Bean 'zeebe.client-io.zeebe.spring.client.properties.ZeebeClientConfigurationProperties' of type [io.zeebe.spring.client.properties.ZeebeClientConfigurationProperties] is not eligible for getting processed by all BeanPostProcessors (for example: not eligible for auto-proxying)
2020-07-08 08:55:11.559  INFO 71 --- [           main] trationDelegate$BeanPostProcessorChecker : Bean 'io.zeebe.spring.client.config.ZeebeClientStarterAutoConfiguration' of type [io.zeebe.spring.client.config.ZeebeClientStarterAutoConfiguration$$EnhancerBySpringCGLIB$$2bfb5ea8] is not eligible for getting processed by all BeanPostProcessors (for example: not eligible for auto-proxying)
2020-07-08 08:55:11.846  INFO 71 --- [           main] trationDelegate$BeanPostProcessorChecker : Bean 'builder' of type [io.zeebe.client.impl.ZeebeClientBuilderImpl] is not eligible for getting processed by all BeanPostProcessors (for example: not eligible for auto-proxying)
2020-07-08 08:55:11.847  INFO 71 --- [           main] trationDelegate$BeanPostProcessorChecker : Bean 'io.zeebe.spring.client.config.ZeebeClientSpringConfiguration' of type [io.zeebe.spring.client.config.ZeebeClientSpringConfiguration] is not eligible for getting processed by all BeanPostProcessors (for example: not eligible for auto-proxying)
2020-07-08 08:55:11.863  INFO 71 --- [           main] trationDelegate$BeanPostProcessorChecker : Bean 'zeebeClientObjectFactory' of type [io.zeebe.spring.client.config.ZeebeClientSpringConfiguration$$Lambda$452/0x0000000100397840] is not eligible for getting processed by all BeanPostProcessors (for example: not eligible for auto-proxying)
2020-07-08 08:55:11.944  INFO 71 --- [           main] trationDelegate$BeanPostProcessorChecker : Bean 'zeebeClientLifecycle' of type [io.zeebe.spring.client.ZeebeClientLifecycle] is not eligible for getting processed by all BeanPostProcessors (for example: not eligible for auto-proxying)
2020-07-08 08:55:12.378  INFO 71 --- [           main] i.z.s.c.c.p.ZeebeWorkerPostProcessor     : zeebeWorker: ClassInfo(bean=com.*******.conferences.email.EmailService$$EnhancerBySpringCGLIB$$872c052d@59a79443, beanName=emailService)
2020-07-08 08:55:20.055  INFO 71 --- [           main] o.s.b.a.e.web.EndpointLinksResolver      : Exposing 2 endpoint(s) beneath base path '/actuator'
2020-07-08 08:55:23.968  INFO 71 --- [           main] i.z.s.c.c.p.ZeebeWorkerPostProcessor     : register job worker: ZeebeWorkerValue(type=email, name=email-worker, timeout=-1, maxJobsActive=-1, beanInfo=MethodInfo(classInfo=ClassInfo(bean=com.*******.conferences.email.EmailService$$EnhancerBySpringCGLIB$$872c052d@59a79443, beanName=emailService), method=public void com.*******.conferences.email.EmailService.sendEmailNotification(io.zeebe.client.api.worker.JobClient,io.zeebe.client.api.response.ActivatedJob)))
2020-07-08 08:55:24.055  INFO 71 --- [           main] c.s.conferences.email.EmailServiceTests  : Started EmailServiceTests in 17.777 seconds (JVM running for 22.204)
2020-07-08 08:55:24.401  WARN 71 --- [ault-executor-0] io.grpc.internal.ManagedChannelImpl      : [Channel<1>: (**-zeebe:26500)] Failed to resolve name. status=Status{code=UNAVAILABLE, description=Unable to resolve host **-zeebe, cause=java.lang.RuntimeException: java.net.UnknownHostException: **-zeebe: Name or service not known
	at io.grpc.internal.DnsNameResolver.resolveAll(DnsNameResolver.java:436)
	at io.grpc.internal.DnsNameResolver$Resolve.resolveInternal(DnsNameResolver.java:272)
	at io.grpc.internal.DnsNameResolver$Resolve.run(DnsNameResolver.java:228)
	at java.base/java.util.concurrent.ThreadPoolExecutor.runWorker(ThreadPoolExecutor.java:1128)
	at java.base/java.util.concurrent.ThreadPoolExecutor$Worker.run(ThreadPoolExecutor.java:628)
	at java.base/java.lang.Thread.run(Thread.java:834)
Caused by: java.net.UnknownHostException: **-zeebe: Name or service not known
	at java.base/java.net.Inet4AddressImpl.lookupAllHostAddr(Native Method)
	at java.base/java.net.InetAddress$PlatformNameService.lookupAllHostAddr(InetAddress.java:929)
	at java.base/java.net.InetAddress.getAddressesFromNameService(InetAddress.java:1515)
	at java.base/java.net.InetAddress$NameServiceAddresses.get(InetAddress.java:848)
	at java.base/java.net.InetAddress.getAllByName0(InetAddress.java:1505)
	at java.base/java.net.InetAddress.getAllByName(InetAddress.java:1364)
	at java.base/java.net.InetAddress.getAllByName(InetAddress.java:1298)
	at io.grpc.internal.DnsNameResolver$JdkAddressResolver.resolveAddress(DnsNameResolver.java:646)
	at io.grpc.internal.DnsNameResolver.resolveAll(DnsNameResolver.java:404)
	... 5 more
}
2020-07-08 08:55:24.458  WARN 71 --- [ault-executor-0] io.zeebe.client.job.poller               : Failed to activated jobs for worker email-worker and job type email

io.grpc.StatusRuntimeException: UNAVAILABLE: Unable to resolve host **-zeebe
	at io.grpc.Status.asRuntimeException(Status.java:533) ~[grpc-api-1.28.1.jar:1.28.1]
	at io.grpc.stub.ClientCalls$StreamObserverToCallListenerAdapter.onClose(ClientCalls.java:449) ~[grpc-stub-1.28.1.jar:1.28.1]
	at io.grpc.internal.ClientCallImpl.closeObserver(ClientCallImpl.java:426) ~[grpc-core-1.28.1.jar:1.28.1]
	at io.grpc.internal.ClientCallImpl.access$500(ClientCallImpl.java:66) ~[grpc-core-1.28.1.jar:1.28.1]
	at io.grpc.internal.ClientCallImpl$ClientStreamListenerImpl.close(ClientCallImpl.java:689) ~[grpc-core-1.28.1.jar:1.28.1]
	at io.grpc.internal.ClientCallImpl$ClientStreamListenerImpl.access$900(ClientCallImpl.java:577) ~[grpc-core-1.28.1.jar:1.28.1]
	at io.grpc.internal.ClientCallImpl$ClientStreamListenerImpl$1StreamClosed.runInternal(ClientCallImpl.java:751) ~[grpc-core-1.28.1.jar:1.28.1]
	at io.grpc.internal.ClientCallImpl$ClientStreamListenerImpl$1StreamClosed.runInContext(ClientCallImpl.java:740) ~[grpc-core-1.28.1.jar:1.28.1]
	at io.grpc.internal.ContextRunnable.run(ContextRunnable.java:37) ~[grpc-core-1.28.1.jar:1.28.1]
	at io.grpc.internal.SerializingExecutor.run(SerializingExecutor.java:123) ~[grpc-core-1.28.1.jar:1.28.1]
	at java.base/java.util.concurrent.ThreadPoolExecutor.runWorker(ThreadPoolExecutor.java:1128) ~[na:na]
	at java.base/java.util.concurrent.ThreadPoolExecutor$Worker.run(ThreadPoolExecutor.java:628) ~[na:na]
	at java.base/java.lang.Thread.run(Thread.java:834) ~[na:na]
Caused by: java.lang.RuntimeException: java.net.UnknownHostException: **-zeebe: Name or service not known
	at io.grpc.internal.DnsNameResolver.resolveAll(DnsNameResolver.java:436) ~[grpc-core-1.28.1.jar:1.28.1]
	at io.grpc.internal.DnsNameResolver$Resolve.resolveInternal(DnsNameResolver.java:272) ~[grpc-core-1.28.1.jar:1.28.1]
	at io.grpc.internal.DnsNameResolver$Resolve.run(DnsNameResolver.java:228) ~[grpc-core-1.28.1.jar:1.28.1]
	... 3 common frames omitted
Caused by: java.net.UnknownHostException: **-zeebe: Name or service not known
	at java.base/java.net.Inet4AddressImpl.lookupAllHostAddr(Native Method) ~[na:na]
	at java.base/java.net.InetAddress$PlatformNameService.lookupAllHostAddr(InetAddress.java:929) ~[na:na]
	at java.base/java.net.InetAddress.getAddressesFromNameService(InetAddress.java:1515) ~[na:na]
	at java.base/java.net.InetAddress$NameServiceAddresses.get(InetAddress.java:848) ~[na:na]
	at java.base/java.net.InetAddress.getAllByName0(InetAddress.java:1505) ~[na:na]
	at java.base/java.net.InetAddress.getAllByName(InetAddress.java:1364) ~[na:na]
	at java.base/java.net.InetAddress.getAllByName(InetAddress.java:1298) ~[na:na]
	at io.grpc.internal.DnsNameResolver$JdkAddressResolver.resolveAddress(DnsNameResolver.java:646) ~[grpc-core-1.28.1.jar:1.28.1]
	at io.grpc.internal.DnsNameResolver.resolveAll(DnsNameResolver.java:404) ~[grpc-core-1.28.1.jar:1.28.1]
	... 5 common frames omitted

2020-07-08 08:55:24.544  WARN 71 --- [ault-executor-0] io.zeebe.client.job.poller               : Failed to activated jobs for worker email-worker and job type email

io.grpc.StatusRuntimeException: UNAVAILABLE: Unable to resolve host **-zeebe
	at io.grpc.Status.asRuntimeException(Status.java:533) ~[grpc-api-1.28.1.jar:1.28.1]
	at io.grpc.stub.ClientCalls$StreamObserverToCallListenerAdapter.onClose(ClientCalls.java:449) ~[grpc-stub-1.28.1.jar:1.28.1]
	at io.grpc.internal.ClientCallImpl.closeObserver(ClientCallImpl.java:426) ~[grpc-core-1.28.1.jar:1.28.1]
	at io.grpc.internal.ClientCallImpl.access$500(ClientCallImpl.java:66) ~[grpc-core-1.28.1.jar:1.28.1]
	at io.grpc.internal.ClientCallImpl$ClientStreamListenerImpl.close(ClientCallImpl.java:689) ~[grpc-core-1.28.1.jar:1.28.1]
	at io.grpc.internal.ClientCallImpl$ClientStreamListenerImpl.access$900(ClientCallImpl.java:577) ~[grpc-core-1.28.1.jar:1.28.1]
	at io.grpc.internal.ClientCallImpl$ClientStreamListenerImpl$1StreamClosed.runInternal(ClientCallImpl.java:751) ~[grpc-core-1.28.1.jar:1.28.1]
	at io.grpc.internal.ClientCallImpl$ClientStreamListenerImpl$1StreamClosed.runInContext(ClientCallImpl.java:740) ~[grpc-core-1.28.1.jar:1.28.1]
	at io.grpc.internal.ContextRunnable.run(ContextRunnable.java:37) ~[grpc-core-1.28.1.jar:1.28.1]
	at io.grpc.internal.SerializingExecutor.run(SerializingExecutor.java:123) ~[grpc-core-1.28.1.jar:1.28.1]
	at java.base/java.util.concurrent.ThreadPoolExecutor.runWorker(ThreadPoolExecutor.java:1128) ~[na:na]
	at java.base/java.util.concurrent.ThreadPoolExecutor$Worker.run(ThreadPoolExecutor.java:628) ~[na:na]
	at java.base/java.lang.Thread.run(Thread.java:834) ~[na:na]
Caused by: java.lang.RuntimeException: java.net.UnknownHostException: **-zeebe: Name or service not known
	at io.grpc.internal.DnsNameResolver.resolveAll(DnsNameResolver.java:436) ~[grpc-core-1.28.1.jar:1.28.1]
	at io.grpc.internal.DnsNameResolver$Resolve.resolveInternal(DnsNameResolver.java:272) ~[grpc-core-1.28.1.jar:1.28.1]
	at io.grpc.internal.DnsNameResolver$Resolve.run(DnsNameResolver.java:228) ~[grpc-core-1.28.1.jar:1.28.1]
	... 3 common frames omitted
Caused by: java.net.UnknownHostException: **-zeebe: Name or service not known
	at java.base/java.net.Inet4AddressImpl.lookupAllHostAddr(Native Method) ~[na:na]
	at java.base/java.net.InetAddress$PlatformNameService.lookupAllHostAddr(InetAddress.java:929) ~[na:na]
	at java.base/java.net.InetAddress.getAddressesFromNameService(InetAddress.java:1515) ~[na:na]
	at java.base/java.net.InetAddress$NameServiceAddresses.get(InetAddress.java:848) ~[na:na]
	at java.base/java.net.InetAddress.getAllByName0(InetAddress.java:1505) ~[na:na]
	at java.base/java.net.InetAddress.getAllByName(InetAddress.java:1364) ~[na:na]
	at java.base/java.net.InetAddress.getAllByName(InetAddress.java:1298) ~[na:na]
	at io.grpc.internal.DnsNameResolver$JdkAddressResolver.resolveAddress(DnsNameResolver.java:646) ~[grpc-core-1.28.1.jar:1.28.1]
	at io.grpc.internal.DnsNameResolver.resolveAll(DnsNameResolver.java:404) ~[grpc-core-1.28.1.jar:1.28.1]
	... 5 common frames omitted

2020-07-08 08:55:24.747  WARN 71 --- [ault-executor-0] io.zeebe.client.job.poller               : Failed to activated jobs for worker email-worker and job type email

io.grpc.StatusRuntimeException: UNAVAILABLE: Unable to resolve host **-zeebe
	at io.grpc.Status.asRuntimeException(Status.java:533) ~[grpc-api-1.28.1.jar:1.28.1]
	at io.grpc.stub.ClientCalls$StreamObserverToCallListenerAdapter.onClose(ClientCalls.java:449) ~[grpc-stub-1.28.1.jar:1.28.1]
	at io.grpc.internal.ClientCallImpl.closeObserver(ClientCallImpl.java:426) ~[grpc-core-1.28.1.jar:1.28.1]
	at io.grpc.internal.ClientCallImpl.access$500(ClientCallImpl.java:66) ~[grpc-core-1.28.1.jar:1.28.1]
	at io.grpc.internal.ClientCallImpl$ClientStreamListenerImpl.close(ClientCallImpl.java:689) ~[grpc-core-1.28.1.jar:1.28.1]
	at io.grpc.internal.ClientCallImpl$ClientStreamListenerImpl.access$900(ClientCallImpl.java:577) ~[grpc-core-1.28.1.jar:1.28.1]
	at io.grpc.internal.ClientCallImpl$ClientStreamListenerImpl$1StreamClosed.runInternal(ClientCallImpl.java:751) ~[grpc-core-1.28.1.jar:1.28.1]
	at io.grpc.internal.ClientCallImpl$ClientStreamListenerImpl$1StreamClosed.runInContext(ClientCallImpl.java:740) ~[grpc-core-1.28.1.jar:1.28.1]
	at io.grpc.internal.ContextRunnable.run(ContextRunnable.java:37) ~[grpc-core-1.28.1.jar:1.28.1]
	at io.grpc.internal.SerializingExecutor.run(SerializingExecutor.java:123) ~[grpc-core-1.28.1.jar:1.28.1]
	at java.base/java.util.concurrent.ThreadPoolExecutor.runWorker(ThreadPoolExecutor.java:1128) ~[na:na]
	at java.base/java.util.concurrent.ThreadPoolExecutor$Worker.run(ThreadPoolExecutor.java:628) ~[na:na]
	at java.base/java.lang.Thread.run(Thread.java:834) ~[na:na]
Caused by: java.lang.RuntimeException: java.net.UnknownHostException: **-zeebe: Name or service not known
	at io.grpc.internal.DnsNameResolver.resolveAll(DnsNameResolver.java:436) ~[grpc-core-1.28.1.jar:1.28.1]
	at io.grpc.internal.DnsNameResolver$Resolve.resolveInternal(DnsNameResolver.java:272) ~[grpc-core-1.28.1.jar:1.28.1]
	at io.grpc.internal.DnsNameResolver$Resolve.run(DnsNameResolver.java:228) ~[grpc-core-1.28.1.jar:1.28.1]
	... 3 common frames omitted
Caused by: java.net.UnknownHostException: **-zeebe: Name or service not known
	at java.base/java.net.Inet4AddressImpl.lookupAllHostAddr(Native Method) ~[na:na]
	at java.base/java.net.InetAddress$PlatformNameService.lookupAllHostAddr(InetAddress.java:929) ~[na:na]
	at java.base/java.net.InetAddress.getAddressesFromNameService(InetAddress.java:1515) ~[na:na]
	at java.base/java.net.InetAddress$NameServiceAddresses.get(InetAddress.java:848) ~[na:na]
	at java.base/java.net.InetAddress.getAllByName0(InetAddress.java:1505) ~[na:na]
	at java.base/java.net.InetAddress.getAllByName(InetAddress.java:1364) ~[na:na]
	at java.base/java.net.InetAddress.getAllByName(InetAddress.java:1298) ~[na:na]
	at io.grpc.internal.DnsNameResolver$JdkAddressResolver.resolveAddress(DnsNameResolver.java:646) ~[grpc-core-1.28.1.jar:1.28.1]
	at io.grpc.internal.DnsNameResolver.resolveAll(DnsNameResolver.java:404) ~[grpc-core-1.28.1.jar:1.28.1]
	... 5 common frames omitted

2020-07-08 08:55:24.848  WARN 71 --- [ault-executor-0] io.zeebe.client.job.poller               : Failed to activated jobs for worker email-worker and job type email

io.grpc.StatusRuntimeException: UNAVAILABLE: Unable to resolve host **-zeebe
	at io.grpc.Status.asRuntimeException(Status.java:533) ~[grpc-api-1.28.1.jar:1.28.1]
	at io.grpc.stub.ClientCalls$StreamObserverToCallListenerAdapter.onClose(ClientCalls.java:449) ~[grpc-stub-1.28.1.jar:1.28.1]
	at io.grpc.internal.ClientCallImpl.closeObserver(ClientCallImpl.java:426) ~[grpc-core-1.28.1.jar:1.28.1]
	at io.grpc.internal.ClientCallImpl.access$500(ClientCallImpl.java:66) ~[grpc-core-1.28.1.jar:1.28.1]
	at io.grpc.internal.ClientCallImpl$ClientStreamListenerImpl.close(ClientCallImpl.java:689) ~[grpc-core-1.28.1.jar:1.28.1]
	at io.grpc.internal.ClientCallImpl$ClientStreamListenerImpl.access$900(ClientCallImpl.java:577) ~[grpc-core-1.28.1.jar:1.28.1]
	at io.grpc.internal.ClientCallImpl$ClientStreamListenerImpl$1StreamClosed.runInternal(ClientCallImpl.java:751) ~[grpc-core-1.28.1.jar:1.28.1]
	at io.grpc.internal.ClientCallImpl$ClientStreamListenerImpl$1StreamClosed.runInContext(ClientCallImpl.java:740) ~[grpc-core-1.28.1.jar:1.28.1]
	at io.grpc.internal.ContextRunnable.run(ContextRunnable.java:37) ~[grpc-core-1.28.1.jar:1.28.1]
	at io.grpc.internal.SerializingExecutor.run(SerializingExecutor.java:123) ~[grpc-core-1.28.1.jar:1.28.1]
	at java.base/java.util.concurrent.ThreadPoolExecutor.runWorker(ThreadPoolExecutor.java:1128) ~[na:na]
	at java.base/java.util.concurrent.ThreadPoolExecutor$Worker.run(ThreadPoolExecutor.java:628) ~[na:na]
	at java.base/java.lang.Thread.run(Thread.java:834) ~[na:na]
Caused by: java.lang.RuntimeException: java.net.UnknownHostException: **-zeebe: Name or service not known
	at io.grpc.internal.DnsNameResolver.resolveAll(DnsNameResolver.java:436) ~[grpc-core-1.28.1.jar:1.28.1]
	at io.grpc.internal.DnsNameResolver$Resolve.resolveInternal(DnsNameResolver.java:272) ~[grpc-core-1.28.1.jar:1.28.1]
	at io.grpc.internal.DnsNameResolver$Resolve.run(DnsNameResolver.java:228) ~[grpc-core-1.28.1.jar:1.28.1]
	... 3 common frames omitted
Caused by: java.net.UnknownHostException: **-zeebe: Name or service not known
	at java.base/java.net.Inet4AddressImpl.lookupAllHostAddr(Native Method) ~[na:na]
	at java.base/java.net.InetAddress$PlatformNameService.lookupAllHostAddr(InetAddress.java:929) ~[na:na]
	at java.base/java.net.InetAddress.getAddressesFromNameService(InetAddress.java:1515) ~[na:na]
	at java.base/java.net.InetAddress$NameServiceAddresses.get(InetAddress.java:848) ~[na:na]
	at java.base/java.net.InetAddress.getAllByName0(InetAddress.java:1505) ~[na:na]
	at java.base/java.net.InetAddress.getAllByName(InetAddress.java:1364) ~[na:na]
	at java.base/java.net.InetAddress.getAllByName(InetAddress.java:1298) ~[na:na]
	at io.grpc.internal.DnsNameResolver$JdkAddressResolver.resolveAddress(DnsNameResolver.java:646) ~[grpc-core-1.28.1.jar:1.28.1]
	at io.grpc.internal.DnsNameResolver.resolveAll(DnsNameResolver.java:404) ~[grpc-core-1.28.1.jar:1.28.1]
	... 5 common frames omitted

2020-07-08 08:55:24.949  WARN 71 --- [ault-executor-0] io.zeebe.client.job.poller               : Failed to activated jobs for worker email-worker and job type email

io.grpc.StatusRuntimeException: UNAVAILABLE: Unable to resolve host **-zeebe
	at io.grpc.Status.asRuntimeException(Status.java:533) ~[grpc-api-1.28.1.jar:1.28.1]
	at io.grpc.stub.ClientCalls$StreamObserverToCallListenerAdapter.onClose(ClientCalls.java:449) ~[grpc-stub-1.28.1.jar:1.28.1]
	at io.grpc.internal.ClientCallImpl.closeObserver(ClientCallImpl.java:426) ~[grpc-core-1.28.1.jar:1.28.1]
	at io.grpc.internal.ClientCallImpl.access$500(ClientCallImpl.java:66) ~[grpc-core-1.28.1.jar:1.28.1]
	at io.grpc.internal.ClientCallImpl$ClientStreamListenerImpl.close(ClientCallImpl.java:689) ~[grpc-core-1.28.1.jar:1.28.1]
	at io.grpc.internal.ClientCallImpl$ClientStreamListenerImpl.access$900(ClientCallImpl.java:577) ~[grpc-core-1.28.1.jar:1.28.1]
	at io.grpc.internal.ClientCallImpl$ClientStreamListenerImpl$1StreamClosed.runInternal(ClientCallImpl.java:751) ~[grpc-core-1.28.1.jar:1.28.1]
	at io.grpc.internal.ClientCallImpl$ClientStreamListenerImpl$1StreamClosed.runInContext(ClientCallImpl.java:740) ~[grpc-core-1.28.1.jar:1.28.1]
	at io.grpc.internal.ContextRunnable.run(ContextRunnable.java:37) ~[grpc-core-1.28.1.jar:1.28.1]
	at io.grpc.internal.SerializingExecutor.run(SerializingExecutor.java:123) ~[grpc-core-1.28.1.jar:1.28.1]
	at java.base/java.util.concurrent.ThreadPoolExecutor.runWorker(ThreadPoolExecutor.java:1128) ~[na:na]
	at java.base/java.util.concurrent.ThreadPoolExecutor$Worker.run(ThreadPoolExecutor.java:628) ~[na:na]
	at java.base/java.lang.Thread.run(Thread.java:834) ~[na:na]
Caused by: java.lang.RuntimeException: java.net.UnknownHostException: **-zeebe: Name or service not known
	at io.grpc.internal.DnsNameResolver.resolveAll(DnsNameResolver.java:436) ~[grpc-core-1.28.1.jar:1.28.1]
	at io.grpc.internal.DnsNameResolver$Resolve.resolveInternal(DnsNameResolver.java:272) ~[grpc-core-1.28.1.jar:1.28.1]
	at io.grpc.internal.DnsNameResolver$Resolve.run(DnsNameResolver.java:228) ~[grpc-core-1.28.1.jar:1.28.1]
	... 3 common frames omitted
Caused by: java.net.UnknownHostException: **-zeebe: Name or service not known
	at java.base/java.net.Inet4AddressImpl.lookupAllHostAddr(Native Method) ~[na:na]
	at java.base/java.net.InetAddress$PlatformNameService.lookupAllHostAddr(InetAddress.java:929) ~[na:na]
	at java.base/java.net.InetAddress.getAddressesFromNameService(InetAddress.java:1515) ~[na:na]
	at java.base/java.net.InetAddress$NameServiceAddresses.get(InetAddress.java:848) ~[na:na]
	at java.base/java.net.InetAddress.getAllByName0(InetAddress.java:1505) ~[na:na]
	at java.base/java.net.InetAddress.getAllByName(InetAddress.java:1364) ~[na:na]
	at java.base/java.net.InetAddress.getAllByName(InetAddress.java:1298) ~[na:na]
	at io.grpc.internal.DnsNameResolver$JdkAddressResolver.resolveAddress(DnsNameResolver.java:646) ~[grpc-core-1.28.1.jar:1.28.1]
	at io.grpc.internal.DnsNameResolver.resolveAll(DnsNameResolver.java:404) ~[grpc-core-1.28.1.jar:1.28.1]
	... 5 common frames omitted

2020-07-08 08:55:25.144  WARN 71 --- [ault-executor-0] io.zeebe.client.job.poller               : Failed to activated jobs for worker email-worker and job type email

io.grpc.StatusRuntimeException: UNAVAILABLE: Unable to resolve host **-zeebe
	at io.grpc.Status.asRuntimeException(Status.java:533) ~[grpc-api-1.28.1.jar:1.28.1]
	at io.grpc.stub.ClientCalls$StreamObserverToCallListenerAdapter.onClose(ClientCalls.java:449) ~[grpc-stub-1.28.1.jar:1.28.1]
	at io.grpc.internal.ClientCallImpl.closeObserver(ClientCallImpl.java:426) ~[grpc-core-1.28.1.jar:1.28.1]
	at io.grpc.internal.ClientCallImpl.access$500(ClientCallImpl.java:66) ~[grpc-core-1.28.1.jar:1.28.1]
	at io.grpc.internal.ClientCallImpl$ClientStreamListenerImpl.close(ClientCallImpl.java:689) ~[grpc-core-1.28.1.jar:1.28.1]
	at io.grpc.internal.ClientCallImpl$ClientStreamListenerImpl.access$900(ClientCallImpl.java:577) ~[grpc-core-1.28.1.jar:1.28.1]
	at io.grpc.internal.ClientCallImpl$ClientStreamListenerImpl$1StreamClosed.runInternal(ClientCallImpl.java:751) ~[grpc-core-1.28.1.jar:1.28.1]
	at io.grpc.internal.ClientCallImpl$ClientStreamListenerImpl$1StreamClosed.runInContext(ClientCallImpl.java:740) ~[grpc-core-1.28.1.jar:1.28.1]
	at io.grpc.internal.ContextRunnable.run(ContextRunnable.java:37) ~[grpc-core-1.28.1.jar:1.28.1]
	at io.grpc.internal.SerializingExecutor.run(SerializingExecutor.java:123) ~[grpc-core-1.28.1.jar:1.28.1]
	at java.base/java.util.concurrent.ThreadPoolExecutor.runWorker(ThreadPoolExecutor.java:1128) ~[na:na]
	at java.base/java.util.concurrent.ThreadPoolExecutor$Worker.run(ThreadPoolExecutor.java:628) ~[na:na]
	at java.base/java.lang.Thread.run(Thread.java:834) ~[na:na]
Caused by: java.lang.RuntimeException: java.net.UnknownHostException: **-zeebe: Name or service not known
	at io.grpc.internal.DnsNameResolver.resolveAll(DnsNameResolver.java:436) ~[grpc-core-1.28.1.jar:1.28.1]
	at io.grpc.internal.DnsNameResolver$Resolve.resolveInternal(DnsNameResolver.java:272) ~[grpc-core-1.28.1.jar:1.28.1]
	at io.grpc.internal.DnsNameResolver$Resolve.run(DnsNameResolver.java:228) ~[grpc-core-1.28.1.jar:1.28.1]
	... 3 common frames omitted
Caused by: java.net.UnknownHostException: **-zeebe: Name or service not known
	at java.base/java.net.Inet4AddressImpl.lookupAllHostAddr(Native Method) ~[na:na]
	at java.base/java.net.InetAddress$PlatformNameService.lookupAllHostAddr(InetAddress.java:929) ~[na:na]
	at java.base/java.net.InetAddress.getAddressesFromNameService(InetAddress.java:1515) ~[na:na]
	at java.base/java.net.InetAddress$NameServiceAddresses.get(InetAddress.java:848) ~[na:na]
	at java.base/java.net.InetAddress.getAllByName0(InetAddress.java:1505) ~[na:na]
	at java.base/java.net.InetAddress.getAllByName(InetAddress.java:1364) ~[na:na]
	at java.base/java.net.InetAddress.getAllByName(InetAddress.java:1298) ~[na:na]
	at io.grpc.internal.DnsNameResolver$JdkAddressResolver.resolveAddress(DnsNameResolver.java:646) ~[grpc-core-1.28.1.jar:1.28.1]
	at io.grpc.internal.DnsNameResolver.resolveAll(DnsNameResolver.java:404) ~[grpc-core-1.28.1.jar:1.28.1]
	... 5 common frames omitted

2020-07-08 08:55:25.245  WARN 71 --- [ault-executor-0] io.zeebe.client.job.poller               : Failed to activated jobs for worker email-worker and job type email

io.grpc.StatusRuntimeException: UNAVAILABLE: Unable to resolve host **-zeebe
	at io.grpc.Status.asRuntimeException(Status.java:533) ~[grpc-api-1.28.1.jar:1.28.1]
	at io.grpc.stub.ClientCalls$StreamObserverToCallListenerAdapter.onClose(ClientCalls.java:449) ~[grpc-stub-1.28.1.jar:1.28.1]
	at io.grpc.internal.ClientCallImpl.closeObserver(ClientCallImpl.java:426) ~[grpc-core-1.28.1.jar:1.28.1]
	at io.grpc.internal.ClientCallImpl.access$500(ClientCallImpl.java:66) ~[grpc-core-1.28.1.jar:1.28.1]
	at io.grpc.internal.ClientCallImpl$ClientStreamListenerImpl.close(ClientCallImpl.java:689) ~[grpc-core-1.28.1.jar:1.28.1]
	at io.grpc.internal.ClientCallImpl$ClientStreamListenerImpl.access$900(ClientCallImpl.java:577) ~[grpc-core-1.28.1.jar:1.28.1]
	at io.grpc.internal.ClientCallImpl$ClientStreamListenerImpl$1StreamClosed.runInternal(ClientCallImpl.java:751) ~[grpc-core-1.28.1.jar:1.28.1]
	at io.grpc.internal.ClientCallImpl$ClientStreamListenerImpl$1StreamClosed.runInContext(ClientCallImpl.java:740) ~[grpc-core-1.28.1.jar:1.28.1]
	at io.grpc.internal.ContextRunnable.run(ContextRunnable.java:37) ~[grpc-core-1.28.1.jar:1.28.1]
	at io.grpc.internal.SerializingExecutor.run(SerializingExecutor.java:123) ~[grpc-core-1.28.1.jar:1.28.1]
	at java.base/java.util.concurrent.ThreadPoolExecutor.runWorker(ThreadPoolExecutor.java:1128) ~[na:na]
	at java.base/java.util.concurrent.ThreadPoolExecutor$Worker.run(ThreadPoolExecutor.java:628) ~[na:na]
	at java.base/java.lang.Thread.run(Thread.java:834) ~[na:na]
Caused by: java.lang.RuntimeException: java.net.UnknownHostException: **-zeebe: Name or service not known
	at io.grpc.internal.DnsNameResolver.resolveAll(DnsNameResolver.java:436) ~[grpc-core-1.28.1.jar:1.28.1]
	at io.grpc.internal.DnsNameResolver$Resolve.resolveInternal(DnsNameResolver.java:272) ~[grpc-core-1.28.1.jar:1.28.1]
	at io.grpc.internal.DnsNameResolver$Resolve.run(DnsNameResolver.java:228) ~[grpc-core-1.28.1.jar:1.28.1]
	... 3 common frames omitted
Caused by: java.net.UnknownHostException: **-zeebe: Name or service not known
	at java.base/java.net.Inet4AddressImpl.lookupAllHostAddr(Native Method) ~[na:na]
	at java.base/java.net.InetAddress$PlatformNameService.lookupAllHostAddr(InetAddress.java:929) ~[na:na]
	at java.base/java.net.InetAddress.getAddressesFromNameService(InetAddress.java:1515) ~[na:na]
	at java.base/java.net.InetAddress$NameServiceAddresses.get(InetAddress.java:848) ~[na:na]
	at java.base/java.net.InetAddress.getAllByName0(InetAddress.java:1505) ~[na:na]
	at java.base/java.net.InetAddress.getAllByName(InetAddress.java:1364) ~[na:na]
	at java.base/java.net.InetAddress.getAllByName(InetAddress.java:1298) ~[na:na]
	at io.grpc.internal.DnsNameResolver$JdkAddressResolver.resolveAddress(DnsNameResolver.java:646) ~[grpc-core-1.28.1.jar:1.28.1]
	at io.grpc.internal.DnsNameResolver.resolveAll(DnsNameResolver.java:404) ~[grpc-core-1.28.1.jar:1.28.1]
	... 5 common frames omitted

2020-07-08 08:55:25.345  WARN 71 --- [ault-executor-0] io.zeebe.client.job.poller               : Failed to activated jobs for worker email-worker and job type email

io.grpc.StatusRuntimeException: UNAVAILABLE: Unable to resolve host **-zeebe
	at io.grpc.Status.asRuntimeException(Status.java:533) ~[grpc-api-1.28.1.jar:1.28.1]
	at io.grpc.stub.ClientCalls$StreamObserverToCallListenerAdapter.onClose(ClientCalls.java:449) ~[grpc-stub-1.28.1.jar:1.28.1]
	at io.grpc.internal.ClientCallImpl.closeObserver(ClientCallImpl.java:426) ~[grpc-core-1.28.1.jar:1.28.1]
	at io.grpc.internal.ClientCallImpl.access$500(ClientCallImpl.java:66) ~[grpc-core-1.28.1.jar:1.28.1]
	at io.grpc.internal.ClientCallImpl$ClientStreamListenerImpl.close(ClientCallImpl.java:689) ~[grpc-core-1.28.1.jar:1.28.1]
	at io.grpc.internal.ClientCallImpl$ClientStreamListenerImpl.access$900(ClientCallImpl.java:577) ~[grpc-core-1.28.1.jar:1.28.1]
	at io.grpc.internal.ClientCallImpl$ClientStreamListenerImpl$1StreamClosed.runInternal(ClientCallImpl.java:751) ~[grpc-core-1.28.1.jar:1.28.1]
	at io.grpc.internal.ClientCallImpl$ClientStreamListenerImpl$1StreamClosed.runInContext(ClientCallImpl.java:740) ~[grpc-core-1.28.1.jar:1.28.1]
	at io.grpc.internal.ContextRunnable.run(ContextRunnable.java:37) ~[grpc-core-1.28.1.jar:1.28.1]
	at io.grpc.internal.SerializingExecutor.run(SerializingExecutor.java:123) ~[grpc-core-1.28.1.jar:1.28.1]
	at java.base/java.util.concurrent.ThreadPoolExecutor.runWorker(ThreadPoolExecutor.java:1128) ~[na:na]
	at java.base/java.util.concurrent.ThreadPoolExecutor$Worker.run(ThreadPoolExecutor.java:628) ~[na:na]
	at java.base/java.lang.Thread.run(Thread.java:834) ~[na:na]
Caused by: java.lang.RuntimeException: java.net.UnknownHostException: **-zeebe: Name or service not known
	at io.grpc.internal.DnsNameResolver.resolveAll(DnsNameResolver.java:436) ~[grpc-core-1.28.1.jar:1.28.1]
	at io.grpc.internal.DnsNameResolver$Resolve.resolveInternal(DnsNameResolver.java:272) ~[grpc-core-1.28.1.jar:1.28.1]
	at io.grpc.internal.DnsNameResolver$Resolve.run(DnsNameResolver.java:228) ~[grpc-core-1.28.1.jar:1.28.1]
	... 3 common frames omitted
Caused by: java.net.UnknownHostException: **-zeebe: Name or service not known
	at java.base/java.net.Inet4AddressImpl.lookupAllHostAddr(Native Method) ~[na:na]
	at java.base/java.net.InetAddress$PlatformNameService.lookupAllHostAddr(InetAddress.java:929) ~[na:na]
	at java.base/java.net.InetAddress.getAddressesFromNameService(InetAddress.java:1515) ~[na:na]
	at java.base/java.net.InetAddress$NameServiceAddresses.get(InetAddress.java:848) ~[na:na]
	at java.base/java.net.InetAddress.getAllByName0(InetAddress.java:1505) ~[na:na]
	at java.base/java.net.InetAddress.getAllByName(InetAddress.java:1364) ~[na:na]
	at java.base/java.net.InetAddress.getAllByName(InetAddress.java:1298) ~[na:na]
	at io.grpc.internal.DnsNameResolver$JdkAddressResolver.resolveAddress(DnsNameResolver.java:646) ~[grpc-core-1.28.1.jar:1.28.1]
	at io.grpc.internal.DnsNameResolver.resolveAll(DnsNameResolver.java:404) ~[grpc-core-1.28.1.jar:1.28.1]
	... 5 common frames omitted

2020-07-08 08:55:25.355  WARN 71 --- [ault-executor-0] io.grpc.internal.ManagedChannelImpl      : [Channel<1>: (**-zeebe:26500)] Failed to resolve name. status=Status{code=UNAVAILABLE, description=Unable to resolve host **-zeebe, cause=java.lang.RuntimeException: java.net.UnknownHostException: **-zeebe
	at io.grpc.internal.DnsNameResolver.resolveAll(DnsNameResolver.java:436)
	at io.grpc.internal.DnsNameResolver$Resolve.resolveInternal(DnsNameResolver.java:272)
	at io.grpc.internal.DnsNameResolver$Resolve.run(DnsNameResolver.java:228)
	at java.base/java.util.concurrent.ThreadPoolExecutor.runWorker(ThreadPoolExecutor.java:1128)
	at java.base/java.util.concurrent.ThreadPoolExecutor$Worker.run(ThreadPoolExecutor.java:628)
	at java.base/java.lang.Thread.run(Thread.java:834)
Caused by: java.net.UnknownHostException: **-zeebe
	at java.base/java.net.InetAddress$CachedAddresses.get(InetAddress.java:797)
	at java.base/java.net.InetAddress.getAllByName0(InetAddress.java:1505)
	at java.base/java.net.InetAddress.getAllByName(InetAddress.java:1364)
	at java.base/java.net.InetAddress.getAllByName(InetAddress.java:1298)
	at io.grpc.internal.DnsNameResolver$JdkAddressResolver.resolveAddress(DnsNameResolver.java:646)
	at io.grpc.internal.DnsNameResolver.resolveAll(DnsNameResolver.java:404)
	... 5 more
}
2020-07-08 08:55:25.446  WARN 71 --- [ault-executor-0] io.zeebe.client.job.poller               : Failed to activated jobs for worker email-worker and job type email

io.grpc.StatusRuntimeException: UNAVAILABLE: Unable to resolve host **-zeebe
	at io.grpc.Status.asRuntimeException(Status.java:533) ~[grpc-api-1.28.1.jar:1.28.1]
	at io.grpc.stub.ClientCalls$StreamObserverToCallListenerAdapter.onClose(ClientCalls.java:449) ~[grpc-stub-1.28.1.jar:1.28.1]
	at io.grpc.internal.ClientCallImpl.closeObserver(ClientCallImpl.java:426) ~[grpc-core-1.28.1.jar:1.28.1]
	at io.grpc.internal.ClientCallImpl.access$500(ClientCallImpl.java:66) ~[grpc-core-1.28.1.jar:1.28.1]
	at io.grpc.internal.ClientCallImpl$ClientStreamListenerImpl.close(ClientCallImpl.java:689) ~[grpc-core-1.28.1.jar:1.28.1]
	at io.grpc.internal.ClientCallImpl$ClientStreamListenerImpl.access$900(ClientCallImpl.java:577) ~[grpc-core-1.28.1.jar:1.28.1]
	at io.grpc.internal.ClientCallImpl$ClientStreamListenerImpl$1StreamClosed.runInternal(ClientCallImpl.java:751) ~[grpc-core-1.28.1.jar:1.28.1]
	at io.grpc.internal.ClientCallImpl$ClientStreamListenerImpl$1StreamClosed.runInContext(ClientCallImpl.java:740) ~[grpc-core-1.28.1.jar:1.28.1]
	at io.grpc.internal.ContextRunnable.run(ContextRunnable.java:37) ~[grpc-core-1.28.1.jar:1.28.1]
	at io.grpc.internal.SerializingExecutor.run(SerializingExecutor.java:123) ~[grpc-core-1.28.1.jar:1.28.1]
	at java.base/java.util.concurrent.ThreadPoolExecutor.runWorker(ThreadPoolExecutor.java:1128) ~[na:na]
	at java.base/java.util.concurrent.ThreadPoolExecutor$Worker.run(ThreadPoolExecutor.java:628) ~[na:na]
	at java.base/java.lang.Thread.run(Thread.java:834) ~[na:na]
Caused by: java.lang.RuntimeException: java.net.UnknownHostException: **-zeebe
	at io.grpc.internal.DnsNameResolver.resolveAll(DnsNameResolver.java:436) ~[grpc-core-1.28.1.jar:1.28.1]
	at io.grpc.internal.DnsNameResolver$Resolve.resolveInternal(DnsNameResolver.java:272) ~[grpc-core-1.28.1.jar:1.28.1]
	at io.grpc.internal.DnsNameResolver$Resolve.run(DnsNameResolver.java:228) ~[grpc-core-1.28.1.jar:1.28.1]
	... 3 common frames omitted
Caused by: java.net.UnknownHostException: **-zeebe
	at java.base/java.net.InetAddress$CachedAddresses.get(InetAddress.java:797) ~[na:na]
	at java.base/java.net.InetAddress.getAllByName0(InetAddress.java:1505) ~[na:na]
	at java.base/java.net.InetAddress.getAllByName(InetAddress.java:1364) ~[na:na]
	at java.base/java.net.InetAddress.getAllByName(InetAddress.java:1298) ~[na:na]
	at io.grpc.internal.DnsNameResolver$JdkAddressResolver.resolveAddress(DnsNameResolver.java:646) ~[grpc-core-1.28.1.jar:1.28.1]
	at io.grpc.internal.DnsNameResolver.resolveAll(DnsNameResolver.java:404) ~[grpc-core-1.28.1.jar:1.28.1]
	... 5 common frames omitted

2020-07-08 08:55:25.678  WARN 71 --- [ault-executor-0] io.zeebe.client.job.poller               : Failed to activated jobs for worker email-worker and job type email

io.grpc.StatusRuntimeException: UNAVAILABLE: Unable to resolve host **-zeebe
	at io.grpc.Status.asRuntimeException(Status.java:533) ~[grpc-api-1.28.1.jar:1.28.1]
	at io.grpc.stub.ClientCalls$StreamObserverToCallListenerAdapter.onClose(ClientCalls.java:449) ~[grpc-stub-1.28.1.jar:1.28.1]
	at io.grpc.internal.ClientCallImpl.closeObserver(ClientCallImpl.java:426) ~[grpc-core-1.28.1.jar:1.28.1]
	at io.grpc.internal.ClientCallImpl.access$500(ClientCallImpl.java:66) ~[grpc-core-1.28.1.jar:1.28.1]
	at io.grpc.internal.ClientCallImpl$ClientStreamListenerImpl.close(ClientCallImpl.java:689) ~[grpc-core-1.28.1.jar:1.28.1]
	at io.grpc.internal.ClientCallImpl$ClientStreamListenerImpl.access$900(ClientCallImpl.java:577) ~[grpc-core-1.28.1.jar:1.28.1]
	at io.grpc.internal.ClientCallImpl$ClientStreamListenerImpl$1StreamClosed.runInternal(ClientCallImpl.java:751) ~[grpc-core-1.28.1.jar:1.28.1]
	at io.grpc.internal.ClientCallImpl$ClientStreamListenerImpl$1StreamClosed.runInContext(ClientCallImpl.java:740) ~[grpc-core-1.28.1.jar:1.28.1]
	at io.grpc.internal.ContextRunnable.run(ContextRunnable.java:37) ~[grpc-core-1.28.1.jar:1.28.1]
	at io.grpc.internal.SerializingExecutor.run(SerializingExecutor.java:123) ~[grpc-core-1.28.1.jar:1.28.1]
	at java.base/java.util.concurrent.ThreadPoolExecutor.runWorker(ThreadPoolExecutor.java:1128) ~[na:na]
	at java.base/java.util.concurrent.ThreadPoolExecutor$Worker.run(ThreadPoolExecutor.java:628) ~[na:na]
	at java.base/java.lang.Thread.run(Thread.java:834) ~[na:na]
Caused by: java.lang.RuntimeException: java.net.UnknownHostException: **-zeebe
	at io.grpc.internal.DnsNameResolver.resolveAll(DnsNameResolver.java:436) ~[grpc-core-1.28.1.jar:1.28.1]
	at io.grpc.internal.DnsNameResolver$Resolve.resolveInternal(DnsNameResolver.java:272) ~[grpc-core-1.28.1.jar:1.28.1]
	at io.grpc.internal.DnsNameResolver$Resolve.run(DnsNameResolver.java:228) ~[grpc-core-1.28.1.jar:1.28.1]
	... 3 common frames omitted
Caused by: java.net.UnknownHostException: **-zeebe
	at java.base/java.net.InetAddress$CachedAddresses.get(InetAddress.java:797) ~[na:na]
	at java.base/java.net.InetAddress.getAllByName0(InetAddress.java:1505) ~[na:na]
	at java.base/java.net.InetAddress.getAllByName(InetAddress.java:1364) ~[na:na]
	at java.base/java.net.InetAddress.getAllByName(InetAddress.java:1298) ~[na:na]
	at io.grpc.internal.DnsNameResolver$JdkAddressResolver.resolveAddress(DnsNameResolver.java:646) ~[grpc-core-1.28.1.jar:1.28.1]
	at io.grpc.internal.DnsNameResolver.resolveAll(DnsNameResolver.java:404) ~[grpc-core-1.28.1.jar:1.28.1]
	... 5 common frames omitted

2020-07-08 08:55:25.777  WARN 71 --- [ault-executor-0] io.zeebe.client.job.poller               : Failed to activated jobs for worker email-worker and job type email

io.grpc.StatusRuntimeException: UNAVAILABLE: Unable to resolve host **-zeebe
	at io.grpc.Status.asRuntimeException(Status.java:533) ~[grpc-api-1.28.1.jar:1.28.1]
	at io.grpc.stub.ClientCalls$StreamObserverToCallListenerAdapter.onClose(ClientCalls.java:449) ~[grpc-stub-1.28.1.jar:1.28.1]
	at io.grpc.internal.ClientCallImpl.closeObserver(ClientCallImpl.java:426) ~[grpc-core-1.28.1.jar:1.28.1]
	at io.grpc.internal.ClientCallImpl.access$500(ClientCallImpl.java:66) ~[grpc-core-1.28.1.jar:1.28.1]
	at io.grpc.internal.ClientCallImpl$ClientStreamListenerImpl.close(ClientCallImpl.java:689) ~[grpc-core-1.28.1.jar:1.28.1]
	at io.grpc.internal.ClientCallImpl$ClientStreamListenerImpl.access$900(ClientCallImpl.java:577) ~[grpc-core-1.28.1.jar:1.28.1]
	at io.grpc.internal.ClientCallImpl$ClientStreamListenerImpl$1StreamClosed.runInternal(ClientCallImpl.java:751) ~[grpc-core-1.28.1.jar:1.28.1]
	at io.grpc.internal.ClientCallImpl$ClientStreamListenerImpl$1StreamClosed.runInContext(ClientCallImpl.java:740) ~[grpc-core-1.28.1.jar:1.28.1]
	at io.grpc.internal.ContextRunnable.run(ContextRunnable.java:37) ~[grpc-core-1.28.1.jar:1.28.1]
	at io.grpc.internal.SerializingExecutor.run(SerializingExecutor.java:123) ~[grpc-core-1.28.1.jar:1.28.1]
	at java.base/java.util.concurrent.ThreadPoolExecutor.runWorker(ThreadPoolExecutor.java:1128) ~[na:na]
	at java.base/java.util.concurrent.ThreadPoolExecutor$Worker.run(ThreadPoolExecutor.java:628) ~[na:na]
	at java.base/java.lang.Thread.run(Thread.java:834) ~[na:na]
Caused by: java.lang.RuntimeException: java.net.UnknownHostException: **-zeebe
	at io.grpc.internal.DnsNameResolver.resolveAll(DnsNameResolver.java:436) ~[grpc-core-1.28.1.jar:1.28.1]
	at io.grpc.internal.DnsNameResolver$Resolve.resolveInternal(DnsNameResolver.java:272) ~[grpc-core-1.28.1.jar:1.28.1]
	at io.grpc.internal.DnsNameResolver$Resolve.run(DnsNameResolver.java:228) ~[grpc-core-1.28.1.jar:1.28.1]
	... 3 common frames omitted
Caused by: java.net.UnknownHostException: **-zeebe
	at java.base/java.net.InetAddress$CachedAddresses.get(InetAddress.java:797) ~[na:na]
	at java.base/java.net.InetAddress.getAllByName0(InetAddress.java:1505) ~[na:na]
	at java.base/java.net.InetAddress.getAllByName(InetAddress.java:1364) ~[na:na]
	at java.base/java.net.InetAddress.getAllByName(InetAddress.java:1298) ~[na:na]
	at io.grpc.internal.DnsNameResolver$JdkAddressResolver.resolveAddress(DnsNameResolver.java:646) ~[grpc-core-1.28.1.jar:1.28.1]
	at io.grpc.internal.DnsNameResolver.resolveAll(DnsNameResolver.java:404) ~[grpc-core-1.28.1.jar:1.28.1]
	... 5 common frames omitted

[INFO] Tests run: 1, Failures: 0, Errors: 0, Skipped: 0, Time elapsed: 19.789 s - in com.*******.conferences.email.EmailServiceTests
2020-07-08 08:55:25.879  WARN 71 --- [ault-executor-0] io.zeebe.client.job.poller               : Failed to activated jobs for worker email-worker and job type email

io.grpc.StatusRuntimeException: UNAVAILABLE: Unable to resolve host **-zeebe
	at io.grpc.Status.asRuntimeException(Status.java:533) ~[grpc-api-1.28.1.jar:1.28.1]
	at io.grpc.stub.ClientCalls$StreamObserverToCallListenerAdapter.onClose(ClientCalls.java:449) ~[grpc-stub-1.28.1.jar:1.28.1]
	at io.grpc.internal.ClientCallImpl.closeObserver(ClientCallImpl.java:426) ~[grpc-core-1.28.1.jar:1.28.1]
	at io.grpc.internal.ClientCallImpl.access$500(ClientCallImpl.java:66) ~[grpc-core-1.28.1.jar:1.28.1]
	at io.grpc.internal.ClientCallImpl$ClientStreamListenerImpl.close(ClientCallImpl.java:689) ~[grpc-core-1.28.1.jar:1.28.1]
	at io.grpc.internal.ClientCallImpl$ClientStreamListenerImpl.access$900(ClientCallImpl.java:577) ~[grpc-core-1.28.1.jar:1.28.1]
	at io.grpc.internal.ClientCallImpl$ClientStreamListenerImpl$1StreamClosed.runInternal(ClientCallImpl.java:751) ~[grpc-core-1.28.1.jar:1.28.1]
	at io.grpc.internal.ClientCallImpl$ClientStreamListenerImpl$1StreamClosed.runInContext(ClientCallImpl.java:740) ~[grpc-core-1.28.1.jar:1.28.1]
	at io.grpc.internal.ContextRunnable.run(ContextRunnable.java:37) ~[grpc-core-1.28.1.jar:1.28.1]
	at io.grpc.internal.SerializingExecutor.run(SerializingExecutor.java:123) ~[grpc-core-1.28.1.jar:1.28.1]
	at java.base/java.util.concurrent.ThreadPoolExecutor.runWorker(ThreadPoolExecutor.java:1128) ~[na:na]
	at java.base/java.util.concurrent.ThreadPoolExecutor$Worker.run(ThreadPoolExecutor.java:628) ~[na:na]
	at java.base/java.lang.Thread.run(Thread.java:834) ~[na:na]
Caused by: java.lang.RuntimeException: java.net.UnknownHostException: **-zeebe
	at io.grpc.internal.DnsNameResolver.resolveAll(DnsNameResolver.java:436) ~[grpc-core-1.28.1.jar:1.28.1]
	at io.grpc.internal.DnsNameResolver$Resolve.resolveInternal(DnsNameResolver.java:272) ~[grpc-core-1.28.1.jar:1.28.1]
	at io.grpc.internal.DnsNameResolver$Resolve.run(DnsNameResolver.java:228) ~[grpc-core-1.28.1.jar:1.28.1]
	... 3 common frames omitted
Caused by: java.net.UnknownHostException: **-zeebe
	at java.base/java.net.InetAddress$CachedAddresses.get(InetAddress.java:797) ~[na:na]
	at java.base/java.net.InetAddress.getAllByName0(InetAddress.java:1505) ~[na:na]
	at java.base/java.net.InetAddress.getAllByName(InetAddress.java:1364) ~[na:na]
	at java.base/java.net.InetAddress.getAllByName(InetAddress.java:1298) ~[na:na]
	at io.grpc.internal.DnsNameResolver$JdkAddressResolver.resolveAddress(DnsNameResolver.java:646) ~[grpc-core-1.28.1.jar:1.28.1]
	at io.grpc.internal.DnsNameResolver.resolveAll(DnsNameResolver.java:404) ~[grpc-core-1.28.1.jar:1.28.1]
	... 5 common frames omitted

2020-07-08 08:55:26.044  WARN 71 --- [ault-executor-0] io.zeebe.client.job.poller               : Failed to activated jobs for worker email-worker and job type email

io.grpc.StatusRuntimeException: UNAVAILABLE: Unable to resolve host **-zeebe
	at io.grpc.Status.asRuntimeException(Status.java:533) ~[grpc-api-1.28.1.jar:1.28.1]
	at io.grpc.stub.ClientCalls$StreamObserverToCallListenerAdapter.onClose(ClientCalls.java:449) ~[grpc-stub-1.28.1.jar:1.28.1]
	at io.grpc.internal.ClientCallImpl.closeObserver(ClientCallImpl.java:426) ~[grpc-core-1.28.1.jar:1.28.1]
	at io.grpc.internal.ClientCallImpl.access$500(ClientCallImpl.java:66) ~[grpc-core-1.28.1.jar:1.28.1]
	at io.grpc.internal.ClientCallImpl$ClientStreamListenerImpl.close(ClientCallImpl.java:689) ~[grpc-core-1.28.1.jar:1.28.1]
	at io.grpc.internal.ClientCallImpl$ClientStreamListenerImpl.access$900(ClientCallImpl.java:577) ~[grpc-core-1.28.1.jar:1.28.1]
	at io.grpc.internal.ClientCallImpl$ClientStreamListenerImpl$1StreamClosed.runInternal(ClientCallImpl.java:751) ~[grpc-core-1.28.1.jar:1.28.1]
	at io.grpc.internal.ClientCallImpl$ClientStreamListenerImpl$1StreamClosed.runInContext(ClientCallImpl.java:740) ~[grpc-core-1.28.1.jar:1.28.1]
	at io.grpc.internal.ContextRunnable.run(ContextRunnable.java:37) ~[grpc-core-1.28.1.jar:1.28.1]
	at io.grpc.internal.SerializingExecutor.run(SerializingExecutor.java:123) ~[grpc-core-1.28.1.jar:1.28.1]
	at java.base/java.util.concurrent.ThreadPoolExecutor.runWorker(ThreadPoolExecutor.java:1128) ~[na:na]
	at java.base/java.util.concurrent.ThreadPoolExecutor$Worker.run(ThreadPoolExecutor.java:628) ~[na:na]
	at java.base/java.lang.Thread.run(Thread.java:834) ~[na:na]
Caused by: java.lang.RuntimeException: java.net.UnknownHostException: **-zeebe
	at io.grpc.internal.DnsNameResolver.resolveAll(DnsNameResolver.java:436) ~[grpc-core-1.28.1.jar:1.28.1]
	at io.grpc.internal.DnsNameResolver$Resolve.resolveInternal(DnsNameResolver.java:272) ~[grpc-core-1.28.1.jar:1.28.1]
	at io.grpc.internal.DnsNameResolver$Resolve.run(DnsNameResolver.java:228) ~[grpc-core-1.28.1.jar:1.28.1]
	... 3 common frames omitted
Caused by: java.net.UnknownHostException: **-zeebe
	at java.base/java.net.InetAddress$CachedAddresses.get(InetAddress.java:797) ~[na:na]
	at java.base/java.net.InetAddress.getAllByName0(InetAddress.java:1505) ~[na:na]
	at java.base/java.net.InetAddress.getAllByName(InetAddress.java:1364) ~[na:na]
	at java.base/java.net.InetAddress.getAllByName(InetAddress.java:1298) ~[na:na]
	at io.grpc.internal.DnsNameResolver$JdkAddressResolver.resolveAddress(DnsNameResolver.java:646) ~[grpc-core-1.28.1.jar:1.28.1]
	at io.grpc.internal.DnsNameResolver.resolveAll(DnsNameResolver.java:404) ~[grpc-core-1.28.1.jar:1.28.1]
	... 5 common frames omitted

[INFO] 
[INFO] Results:
[INFO] 
[INFO] Tests run: 1, Failures: 0, Errors: 0, Skipped: 0
[INFO] 
[INFO] 
[INFO] --- maven-jar-plugin:3.1.2:jar (default-jar) @ conference-email ---
[INFO] Building jar: /workspace/source/target/conference-email-0.0.27.jar
[INFO] 
[INFO] --- spring-boot-maven-plugin:2.2.6.RELEASE:repackage (repackage) @ conference-email ---
[INFO] Replacing main artifact with repackaged archive
[INFO] 
[INFO] --- maven-install-plugin:2.5.2:install (default-install) @ conference-email ---
[INFO] Installing /workspace/source/target/conference-email-0.0.27.jar to /home/jenkins/.mvnrepository/com/*******/conferences/conference-email/0.0.27/conference-email-0.0.27.jar
[INFO] Installing /workspace/source/pom.xml to /home/jenkins/.mvnrepository/com/*******/conferences/conference-email/0.0.27/conference-email-0.0.27.pom
[INFO] 
[INFO] --- maven-deploy-plugin:2.8.2:deploy (default-deploy) @ conference-email ---
[INFO] Using alternate deployment repository local-nexus::default::http://nexus/repository/maven-releases/
[INFO] ------------------------------------------------------------------------
[INFO] BUILD SUCCESS
[INFO] ------------------------------------------------------------------------
[INFO] Total time:  01:07 min
[INFO] Finished at: 2020-07-08T08:55:32Z
[INFO] ------------------------------------------------------------------------

Showing logs for build [32msalaboy-fmtok8s-email-master-vw7sf-5[0m stage [32mfrom-build-pack[0m and container [32mstep-build-skaffold-version[0m
v1.0.1

Showing logs for build [32msalaboy-fmtok8s-email-master-vw7sf-5[0m stage [32mfrom-build-pack[0m and container [32mstep-build-container-build[0m
E0708 08:55:33.708161      11 aws_credentials.go:77] while getting AWS credentials NoCredentialProviders: no valid providers in chain. Deprecated.
	For verbose messaging see aws.Config.CredentialsChainVerboseErrors
[36mINFO[0m[0001] Using dockerignore file: /workspace/source/.dockerignore 
[36mINFO[0m[0001] Retrieving image manifest openjdk:11-jre-slim 
E0708 08:55:34.250320      11 metadata.go:154] while reading 'google-dockercfg' metadata: http status code: 404 while fetching url http://metadata.google.internal./computeMetadata/v1/instance/attributes/google-dockercfg
E0708 08:55:34.253917      11 metadata.go:166] while reading 'google-dockercfg-url' metadata: http status code: 404 while fetching url http://metadata.google.internal./computeMetadata/v1/instance/attributes/google-dockercfg-url
[36mINFO[0m[0002] Retrieving image manifest openjdk:11-jre-slim 
[36mINFO[0m[0004] Built cross stage deps: map[]                
[36mINFO[0m[0004] Retrieving image manifest openjdk:11-jre-slim 
[36mINFO[0m[0004] Retrieving image manifest openjdk:11-jre-slim 
[36mINFO[0m[0006] Executing 0 build triggers                   
[36mINFO[0m[0006] cmd: EXPOSE                                  
[36mINFO[0m[0006] Adding exposed port: 8080/tcp                
[36mINFO[0m[0006] Resolving srcs [pom.xml target/lib*]...      
[36mINFO[0m[0006] Checking for cached layer gcr.io/camunda-researchanddevelopment/cache:90ef40b4c698dd1a076f03393c67b9f24d8b657111f14baca1e1ca719275d3ed... 
[36mINFO[0m[0006] No cached layer found for cmd COPY pom.xml target/lib* /opt/lib/ 
[36mINFO[0m[0006] Resolving srcs [target/*.jar]...             
[36mINFO[0m[0006] Unpacking rootfs as cmd COPY pom.xml target/lib* /opt/lib/ requires it. 
[36mINFO[0m[0011] ENV PORT 8080                                
[36mINFO[0m[0011] No files changed in this command, skipping snapshotting. 
[36mINFO[0m[0011] ENV CLASSPATH /opt/lib                       
[36mINFO[0m[0011] No files changed in this command, skipping snapshotting. 
[36mINFO[0m[0011] EXPOSE 8080                                  
[36mINFO[0m[0011] cmd: EXPOSE                                  
[36mINFO[0m[0011] Adding exposed port: 8080/tcp                
[36mINFO[0m[0011] No files changed in this command, skipping snapshotting. 
[36mINFO[0m[0011] Resolving srcs [pom.xml target/lib*]...      
[36mINFO[0m[0011] COPY pom.xml target/lib* /opt/lib/           
[36mINFO[0m[0011] Resolving srcs [pom.xml target/lib*]...      
[36mINFO[0m[0011] Resolving 1 paths                            
[36mINFO[0m[0011] Taking snapshot of files...                  
[36mINFO[0m[0011] Pushing layer gcr.io/camunda-researchanddevelopment/cache:90ef40b4c698dd1a076f03393c67b9f24d8b657111f14baca1e1ca719275d3ed to cache now 
[36mINFO[0m[0011] Resolving srcs [target/*.jar]...             
[36mINFO[0m[0011] COPY target/*.jar /opt/app.jar               
[36mINFO[0m[0011] Resolving srcs [target/*.jar]...             
[36mINFO[0m[0011] Resolving 1 paths                            
[36mINFO[0m[0011] Taking snapshot of files...                  
[36mINFO[0m[0013] WORKDIR /opt                                 
[36mINFO[0m[0013] cmd: workdir                                 
[36mINFO[0m[0013] Changed working directory to /opt            
[36mINFO[0m[0013] No files changed in this command, skipping snapshotting. 
[36mINFO[0m[0013] ENTRYPOINT exec java $JAVA_OPTS -jar app.jar 
[36mINFO[0m[0013] No files changed in this command, skipping snapshotting. 
[36mINFO[0m[0013] Pushing layer gcr.io/camunda-researchanddevelopment/cache:4c4b4ce9effdd9664f6994bc70d619fc705494fd791956c9e9064551346a508a to cache now 

Showing logs for build [32msalaboy-fmtok8s-email-master-vw7sf-5[0m stage [32mfrom-build-pack[0m and container [32mstep-build-post-build[0m
no CVE provider running in the current ** namespace so skip adding image to be analysed

Showing logs for build [32msalaboy-fmtok8s-email-master-vw7sf-5[0m stage [32mfrom-build-pack[0m and container [32mstep-promote-changelog[0m
Converted /workspace/source/charts/fmtok8s-email to an unshallow repository
Generating change log from git ref 4c18400e829ae69cc93d2e3df03f6388b096212d => 409062971fe108490457c1e904303d3ddbb51ec5
WARNING: No release found for *******/fmtok8s-email and tag v0.0.27 so creating a new release
Updated the release information at https://github.com/*******/fmtok8s-email/releases/tag/v0.0.27
generated: /workspace/source/charts/fmtok8s-email/templates/release.yaml
Created Release fmtok8s-email-0-0-27 resource in namespace **
Updating PipelineActivity *******-fmtok8s-email-master-5 with version 0.0.27
Updated PipelineActivities *******-fmtok8s-email-master-5 with release notes URL: https://github.com/*******/fmtok8s-email/releases/tag/v0.0.27

Showing logs for build [32msalaboy-fmtok8s-email-master-vw7sf-5[0m stage [32mfrom-build-pack[0m and container [32mstep-promote-helm-release[0m
WARNING: No $CHART_REPOSITORY defined so using the default value of: http://jenkins-x-chartmuseum:8080
Adding missing Helm repo: storage.googleapis.com https://storage.googleapis.com/chartmuseum.jenkins-x.io
Successfully added Helm repository storage.googleapis.com.
Adding missing Helm repo: jenkins-x-chartmuseum http://jenkins-x-chartmuseum:8080
Successfully added Helm repository jenkins-x-chartmuseum.
WARNING: No $CHART_REPOSITORY defined so using the default value of: http://jenkins-x-chartmuseum:8080
Uploading chart file fmtok8s-email-0.0.27.tgz to http://jenkins-x-chartmuseum:8080/api/charts
Received 201 response: {"saved":true}

Showing logs for build [32msalaboy-fmtok8s-email-master-vw7sf-5[0m stage [32mfrom-build-pack[0m and container [32mstep-promote-jx-promote[0m
WARNING: prow based install so skip waiting for the merge of Pull Requests to go green as currently there is an issue with gettingstatuses from the PR, see https://github.com/jenkins-x/**/issues/2410
WARNING: No $CHART_REPOSITORY defined so using the default value of: http://jenkins-x-chartmuseum:8080
Promoting app fmtok8s-email version 0.0.27 to namespace **-staging
Created Pull Request: https://github.com/*******/environment-kubecon2020-staging/pull/12
Added label updatebot to Pull Request https://github.com/*******/environment-kubecon2020-staging/pull/12
got git provider status pending from PR https://github.com/*******/environment-kubecon2020-staging/pull/12
got git provider status pending from PR https://github.com/*******/environment-kubecon2020-staging/pull/12
Pull Request https://github.com/*******/environment-kubecon2020-staging/pull/12 is merged at sha 99b145a2c0fb41b80dcb4444c1493e6171e410f9
Pull Request merged but we are not waiting for the update pipeline to complete!

Showing logs for build [32msalaboy-fmtok8s-email-master-vw7sf-5[0m stage [32mfrom-build-pack[0m and container [32mstep-promote-step10[0m
Using https://github.com/*******/fmtok8s-email as source for change discovered from git repo in /workspace/source
Updated Pull Request: https://github.com/*******/fmtok8s-kubecon-app/pull/15
Added label updatebot to Pull Request https://github.com/*******/fmtok8s-kubecon-app/pull/15
