
Showing logs for build [32msalaboy-fmtok8s-email-master-re-5hl88-7[0m stage [32mfrom-build-pack[0m and container [32mstep-credential-initializer-d4v54[0m
{"level":"info","ts":1590505926.915147,"logger":"fallback-logger","caller":"logging/config.go:69","msg":"Fetch GitHub commit ID from kodata failed: open /var/run/ko/refs/heads/0.8.0-ns-support: no such file or directory"}
{"level":"info","ts":1590505926.915794,"logger":"fallback-logger","caller":"creds-init/main.go:40","msg":"Credentials initialized."}

Showing logs for build [32msalaboy-fmtok8s-email-master-re-5hl88-7[0m stage [32mfrom-build-pack[0m and container [32mstep-working-dir-initializer-4kxkc[0m
{"level":"info","ts":1590505927.8689923,"logger":"fallback-logger","caller":"logging/config.go:69","msg":"Fetch GitHub commit ID from kodata failed: open /var/run/ko/HEAD: no such file or directory"}
{"level":"info","ts":1590505927.887192,"logger":"fallback-logger","caller":"bash/main.go:64","msg":"Successfully executed command \"sh -c mkdir -p /workspace/source\"; output "}

Showing logs for build [32msalaboy-fmtok8s-email-master-re-5hl88-7[0m stage [32mfrom-build-pack[0m and container [32mstep-place-tools[0m

Showing logs for build [32msalaboy-fmtok8s-email-master-re-5hl88-7[0m stage [32mfrom-build-pack[0m and container [32mstep-git-source-salaboy-fmtok8s-email-master-re-5hl88-22wdc[0m
{"level":"info","ts":1590505934.9595983,"logger":"fallback-logger","caller":"logging/config.go:69","msg":"Fetch GitHub commit ID from kodata failed: open /var/run/ko/refs/heads/0.8.0-ns-support: no such file or directory"}
{"level":"info","ts":1590505936.3116088,"logger":"fallback-logger","caller":"git/git.go:103","msg":"Successfully cloned https://github.com/*******/fmtok8s-email.git @ v0.0.16 in path /workspace/source"}

Showing logs for build [32msalaboy-fmtok8s-email-master-re-5hl88-7[0m stage [32mfrom-build-pack[0m and container [32mstep-git-merge[0m
Using SHAs from PULL_REFS=master:c565e940698c420f9caa939bb162ab49dd742351
WARNING: no SHAs to merge, falling back to initial cloned commit

Showing logs for build [32msalaboy-fmtok8s-email-master-re-5hl88-7[0m stage [32mfrom-build-pack[0m and container [32mstep-setup-jx-git-credentials[0m
Generated Git credentials file /workspace/xdg_config/git/credentials

Showing logs for build [32msalaboy-fmtok8s-email-master-re-5hl88-7[0m stage [32mfrom-build-pack[0m and container [32mstep-build-mvn-deploy[0m
Picked up _JAVA_OPTIONS: -XX:+UnlockExperimentalVMOptions -Dsun.zip.disableMemoryMapping=true -XX:+UseParallelGC -XX:MinHeapFreeRatio=5 -XX:MaxHeapFreeRatio=10 -XX:GCTimeRatio=4 -XX:AdaptiveSizePolicyWeight=90 -Xms10m -Xmx192m
[INFO] Scanning for projects...
[INFO] 
[INFO] --------------< com.*******.conferences:conference-email >--------------
[INFO] Building From Monolith to K8S :: Email Service 0.0.16
[INFO] --------------------------------[ jar ]---------------------------------
[INFO] 
[INFO] --- maven-clean-plugin:3.1.0:clean (default-clean) @ conference-email ---
[INFO] 
[INFO] --- maven-resources-plugin:3.1.0:resources (default-resources) @ conference-email ---
[INFO] Using 'UTF-8' encoding to copy filtered resources.
[INFO] Copying 1 resource
[INFO] Copying 0 resource
[INFO] 
[INFO] --- maven-compiler-plugin:3.8.1:compile (default-compile) @ conference-email ---
[INFO] Changes detected - recompiling the module!
[INFO] Compiling 2 source files to /workspace/source/target/classes
[INFO] 
[INFO] --- maven-resources-plugin:3.1.0:testResources (default-testResources) @ conference-email ---
[INFO] Using 'UTF-8' encoding to copy filtered resources.
[INFO] skip non existing resourceDirectory /workspace/source/src/test/resources
[INFO] 
[INFO] --- maven-compiler-plugin:3.8.1:testCompile (default-testCompile) @ conference-email ---
[INFO] Changes detected - recompiling the module!
[INFO] Compiling 1 source file to /workspace/source/target/test-classes
[INFO] 
[INFO] --- maven-surefire-plugin:3.0.0-M1:test (default-test) @ conference-email ---
[INFO] 
[INFO] -------------------------------------------------------
[INFO]  T E S T S
[INFO] -------------------------------------------------------
[WARNING] Corrupted STDOUT by directly writing to native stream in forked JVM 1. See FAQ web page and the dump file /workspace/source/target/surefire-reports/2020-05-26T15-12-50_611-jvmRun1.dumpstream
15:12:55.214 [main] DEBUG org.springframework.test.context.junit4.SpringJUnit4ClassRunner - SpringJUnit4ClassRunner constructor called with [class com.*******.conferences.email.DemoApplicationTests]
15:12:55.215 [main] DEBUG org.springframework.test.context.BootstrapUtils - Instantiating CacheAwareContextLoaderDelegate from class [org.springframework.test.context.cache.DefaultCacheAwareContextLoaderDelegate]
15:12:55.216 [main] DEBUG org.springframework.test.context.BootstrapUtils - Instantiating BootstrapContext using constructor [public org.springframework.test.context.support.DefaultBootstrapContext(java.lang.Class,org.springframework.test.context.CacheAwareContextLoaderDelegate)]
15:12:55.218 [main] DEBUG org.springframework.test.context.BootstrapUtils - Instantiating TestContextBootstrapper for test class [com.*******.conferences.email.DemoApplicationTests] from class [org.springframework.boot.test.context.SpringBootTestContextBootstrapper]
15:12:55.219 [main] INFO org.springframework.boot.test.context.SpringBootTestContextBootstrapper - Neither @ContextConfiguration nor @ContextHierarchy found for test class [com.*******.conferences.email.DemoApplicationTests], using SpringBootContextLoader
15:12:55.221 [main] DEBUG org.springframework.test.context.support.AbstractContextLoader - Did not detect default resource location for test class [com.*******.conferences.email.DemoApplicationTests]: class path resource [com/*******/conferences/email/DemoApplicationTests-context.xml] does not exist
15:12:55.221 [main] DEBUG org.springframework.test.context.support.AbstractContextLoader - Did not detect default resource location for test class [com.*******.conferences.email.DemoApplicationTests]: class path resource [com/*******/conferences/email/DemoApplicationTestsContext.groovy] does not exist
15:12:55.221 [main] INFO org.springframework.test.context.support.AbstractContextLoader - Could not detect default resource locations for test class [com.*******.conferences.email.DemoApplicationTests]: no resource found for suffixes {-context.xml, Context.groovy}.
15:12:55.221 [main] INFO org.springframework.test.context.support.AnnotationConfigContextLoaderUtils - Could not detect default configuration classes for test class [com.*******.conferences.email.DemoApplicationTests]: DemoApplicationTests does not declare any static, non-private, non-final, nested classes annotated with @Configuration.
15:12:55.224 [main] DEBUG org.springframework.test.context.support.ActiveProfilesUtils - Could not find an 'annotation declaring class' for annotation type [org.springframework.test.context.ActiveProfiles] and class [com.*******.conferences.email.DemoApplicationTests]
15:12:55.224 [main] INFO org.springframework.boot.test.context.SpringBootTestContextBootstrapper - Found @SpringBootConfiguration com.*******.conferences.email.DemoApplication for test class com.*******.conferences.email.DemoApplicationTests
15:12:55.228 [main] DEBUG org.springframework.boot.test.context.SpringBootTestContextBootstrapper - @TestExecutionListeners is not present for class [com.*******.conferences.email.DemoApplicationTests]: using defaults.
15:12:55.228 [main] INFO org.springframework.boot.test.context.SpringBootTestContextBootstrapper - Loaded default TestExecutionListener class names from location [META-INF/spring.factories]: [org.springframework.boot.test.mock.mockito.MockitoTestExecutionListener, org.springframework.boot.test.mock.mockito.ResetMocksTestExecutionListener, org.springframework.boot.test.autoconfigure.restdocs.RestDocsTestExecutionListener, org.springframework.boot.test.autoconfigure.web.client.MockRestServiceServerResetTestExecutionListener, org.springframework.boot.test.autoconfigure.web.servlet.MockMvcPrintOnlyOnFailureTestExecutionListener, org.springframework.boot.test.autoconfigure.web.servlet.WebDriverTestExecutionListener, org.springframework.test.context.web.ServletTestExecutionListener, org.springframework.test.context.support.DirtiesContextBeforeModesTestExecutionListener, org.springframework.test.context.support.DependencyInjectionTestExecutionListener, org.springframework.test.context.support.DirtiesContextTestExecutionListener, org.springframework.test.context.transaction.TransactionalTestExecutionListener, org.springframework.test.context.jdbc.SqlScriptsTestExecutionListener, org.springframework.test.context.event.EventPublishingTestExecutionListener]
15:12:55.229 [main] DEBUG org.springframework.boot.test.context.SpringBootTestContextBootstrapper - Skipping candidate TestExecutionListener [org.springframework.test.context.web.ServletTestExecutionListener] due to a missing dependency. Specify custom listener classes or make the default listener classes and their required dependencies available. Offending class: [javax/servlet/ServletContext]
15:12:55.234 [main] DEBUG org.springframework.boot.test.context.SpringBootTestContextBootstrapper - Skipping candidate TestExecutionListener [org.springframework.test.context.transaction.TransactionalTestExecutionListener] due to a missing dependency. Specify custom listener classes or make the default listener classes and their required dependencies available. Offending class: [org/springframework/transaction/interceptor/TransactionAttributeSource]
15:12:55.235 [main] DEBUG org.springframework.boot.test.context.SpringBootTestContextBootstrapper - Skipping candidate TestExecutionListener [org.springframework.test.context.jdbc.SqlScriptsTestExecutionListener] due to a missing dependency. Specify custom listener classes or make the default listener classes and their required dependencies available. Offending class: [org/springframework/transaction/interceptor/TransactionAttribute]
15:12:55.235 [main] INFO org.springframework.boot.test.context.SpringBootTestContextBootstrapper - Using TestExecutionListeners: [org.springframework.test.context.support.DirtiesContextBeforeModesTestExecutionListener@6d23017e, org.springframework.boot.test.mock.mockito.MockitoTestExecutionListener@54dcfa5a, org.springframework.boot.test.autoconfigure.SpringBootDependencyInjectionTestExecutionListener@1817f1eb, org.springframework.test.context.support.DirtiesContextTestExecutionListener@767e20cf, org.springframework.test.context.event.EventPublishingTestExecutionListener@3a3e78f, org.springframework.boot.test.mock.mockito.ResetMocksTestExecutionListener@301ec38b, org.springframework.boot.test.autoconfigure.restdocs.RestDocsTestExecutionListener@17a1e4ca, org.springframework.boot.test.autoconfigure.web.client.MockRestServiceServerResetTestExecutionListener@10ded6a9, org.springframework.boot.test.autoconfigure.web.servlet.MockMvcPrintOnlyOnFailureTestExecutionListener@c5dc4a2, org.springframework.boot.test.autoconfigure.web.servlet.WebDriverTestExecutionListener@4a194c39]
15:12:55.236 [main] DEBUG org.springframework.test.annotation.ProfileValueUtils - Retrieved @ProfileValueSourceConfiguration [null] for test class [com.*******.conferences.email.DemoApplicationTests]
15:12:55.236 [main] DEBUG org.springframework.test.annotation.ProfileValueUtils - Retrieved ProfileValueSource type [class org.springframework.test.annotation.SystemProfileValueSource] for class [com.*******.conferences.email.DemoApplicationTests]
15:12:55.516 [main] DEBUG org.springframework.test.annotation.ProfileValueUtils - Retrieved @ProfileValueSourceConfiguration [null] for test class [com.*******.conferences.email.DemoApplicationTests]
15:12:55.517 [main] DEBUG org.springframework.test.annotation.ProfileValueUtils - Retrieved ProfileValueSource type [class org.springframework.test.annotation.SystemProfileValueSource] for class [com.*******.conferences.email.DemoApplicationTests]
[INFO] Running com.*******.conferences.email.DemoApplicationTests
15:12:55.530 [main] DEBUG org.springframework.test.annotation.ProfileValueUtils - Retrieved @ProfileValueSourceConfiguration [null] for test class [com.*******.conferences.email.DemoApplicationTests]
15:12:55.530 [main] DEBUG org.springframework.test.annotation.ProfileValueUtils - Retrieved ProfileValueSource type [class org.springframework.test.annotation.SystemProfileValueSource] for class [com.*******.conferences.email.DemoApplicationTests]
15:12:55.533 [main] DEBUG org.springframework.test.annotation.ProfileValueUtils - Retrieved @ProfileValueSourceConfiguration [null] for test class [com.*******.conferences.email.DemoApplicationTests]
15:12:55.534 [main] DEBUG org.springframework.test.annotation.ProfileValueUtils - Retrieved ProfileValueSource type [class org.springframework.test.annotation.SystemProfileValueSource] for class [com.*******.conferences.email.DemoApplicationTests]
15:12:55.547 [main] DEBUG org.springframework.test.context.support.AbstractDirtiesContextTestExecutionListener - Before test class: context [DefaultTestContext@774698ab testClass = DemoApplicationTests, testInstance = [null], testMethod = [null], testException = [null], mergedContextConfiguration = [ReactiveWebMergedContextConfiguration@55342f40 testClass = DemoApplicationTests, locations = '{}', classes = '{class com.*******.conferences.email.DemoApplication}', contextInitializerClasses = '[]', activeProfiles = '{}', propertySourceLocations = '{}', propertySourceProperties = '{org.springframework.boot.test.context.SpringBootTestContextBootstrapper=true}', contextCustomizers = set[org.springframework.boot.test.context.filter.ExcludeFilterContextCustomizer@221a3fa4, org.springframework.boot.test.json.DuplicateJsonObjectContextCustomizerFactory$DuplicateJsonObjectContextCustomizer@3e08ff24, org.springframework.boot.test.mock.mockito.MockitoContextCustomizer@0, org.springframework.boot.test.web.client.TestRestTemplateContextCustomizer@61c4eee0, org.springframework.boot.test.web.reactive.server.WebTestClientContextCustomizer@28dcca0c, org.springframework.boot.test.autoconfigure.properties.PropertyMappingContextCustomizer@0, org.springframework.boot.test.autoconfigure.web.servlet.WebDriverContextCustomizerFactory$Customizer@6f204a1a], contextLoader = 'org.springframework.boot.test.context.SpringBootContextLoader', parent = [null]], attributes = map[[empty]]], class annotated with @DirtiesContext [false] with mode [null].
15:12:55.556 [main] DEBUG org.springframework.test.annotation.ProfileValueUtils - Retrieved @ProfileValueSourceConfiguration [null] for test class [com.*******.conferences.email.DemoApplicationTests]
15:12:55.556 [main] DEBUG org.springframework.test.annotation.ProfileValueUtils - Retrieved ProfileValueSource type [class org.springframework.test.annotation.SystemProfileValueSource] for class [com.*******.conferences.email.DemoApplicationTests]
15:12:55.564 [main] DEBUG org.springframework.test.context.support.DependencyInjectionTestExecutionListener - Performing dependency injection for test context [[DefaultTestContext@774698ab testClass = DemoApplicationTests, testInstance = com.*******.conferences.email.DemoApplicationTests@45e37a7e, testMethod = [null], testException = [null], mergedContextConfiguration = [ReactiveWebMergedContextConfiguration@55342f40 testClass = DemoApplicationTests, locations = '{}', classes = '{class com.*******.conferences.email.DemoApplication}', contextInitializerClasses = '[]', activeProfiles = '{}', propertySourceLocations = '{}', propertySourceProperties = '{org.springframework.boot.test.context.SpringBootTestContextBootstrapper=true}', contextCustomizers = set[org.springframework.boot.test.context.filter.ExcludeFilterContextCustomizer@221a3fa4, org.springframework.boot.test.json.DuplicateJsonObjectContextCustomizerFactory$DuplicateJsonObjectContextCustomizer@3e08ff24, org.springframework.boot.test.mock.mockito.MockitoContextCustomizer@0, org.springframework.boot.test.web.client.TestRestTemplateContextCustomizer@61c4eee0, org.springframework.boot.test.web.reactive.server.WebTestClientContextCustomizer@28dcca0c, org.springframework.boot.test.autoconfigure.properties.PropertyMappingContextCustomizer@0, org.springframework.boot.test.autoconfigure.web.servlet.WebDriverContextCustomizerFactory$Customizer@6f204a1a], contextLoader = 'org.springframework.boot.test.context.SpringBootContextLoader', parent = [null]], attributes = map[[empty]]]].
15:12:55.720 [main] DEBUG org.springframework.test.context.support.TestPropertySourceUtils - Adding inlined properties to environment: {spring.jmx.enabled=false, org.springframework.boot.test.context.SpringBootTestContextBootstrapper=true, server.port=-1}

  .   ____          _            __ _ _
 /\\ / ___'_ __ _ _(_)_ __  __ _ \ \ \ \
( ( )\___ | '_ | '_| | '_ \/ _` | \ \ \ \
 \\/  ___)| |_)| | | | | || (_| |  ) ) ) )
  '  |____| .__|_| |_|_| |_\__, | / / / /
 =========|_|==============|___/=/_/_/_/
 :: Spring Boot ::        (v2.2.6.RELEASE)

2020-05-26 15:12:56.717  INFO 70 --- [           main] c.s.c.email.DemoApplicationTests         : Starting DemoApplicationTests on *******-fmtok8s-email-master-re-5hl88-7-from-build-pack-p4gzg-p with PID 70 (started by root in /workspace/source)
2020-05-26 15:12:56.724  INFO 70 --- [           main] c.s.c.email.DemoApplicationTests         : No active profile set, falling back to default profiles: default
2020-05-26 15:13:00.324  INFO 70 --- [           main] trationDelegate$BeanPostProcessorChecker : Bean 'io.zeebe.spring.client.config.processor.PostProcessorConfiguration' of type [io.zeebe.spring.client.config.processor.PostProcessorConfiguration] is not eligible for getting processed by all BeanPostProcessors (for example: not eligible for auto-proxying)
2020-05-26 15:13:00.343  INFO 70 --- [           main] trationDelegate$BeanPostProcessorChecker : Bean 'io.zeebe.spring.client.bean.value.factory.ReadAnnotationValueConfiguration' of type [io.zeebe.spring.client.bean.value.factory.ReadAnnotationValueConfiguration] is not eligible for getting processed by all BeanPostProcessors (for example: not eligible for auto-proxying)
2020-05-26 15:13:00.357  INFO 70 --- [           main] trationDelegate$BeanPostProcessorChecker : Bean 'zeebeExpressionResolver' of type [io.zeebe.spring.util.ZeebeExpressionResolver] is not eligible for getting processed by all BeanPostProcessors (for example: not eligible for auto-proxying)
2020-05-26 15:13:00.431  INFO 70 --- [           main] trationDelegate$BeanPostProcessorChecker : Bean 'readZeebeDeploymentValue' of type [io.zeebe.spring.client.bean.value.factory.ReadZeebeDeploymentValue] is not eligible for getting processed by all BeanPostProcessors (for example: not eligible for auto-proxying)
2020-05-26 15:13:00.558  INFO 70 --- [           main] trationDelegate$BeanPostProcessorChecker : Bean 'deploymentPostProcessor' of type [io.zeebe.spring.client.config.processor.DeploymentPostProcessor] is not eligible for getting processed by all BeanPostProcessors (for example: not eligible for auto-proxying)
2020-05-26 15:13:00.569  INFO 70 --- [           main] trationDelegate$BeanPostProcessorChecker : Bean 'readZeebeWorkerValue' of type [io.zeebe.spring.client.bean.value.factory.ReadZeebeWorkerValue] is not eligible for getting processed by all BeanPostProcessors (for example: not eligible for auto-proxying)
2020-05-26 15:13:00.577  INFO 70 --- [           main] trationDelegate$BeanPostProcessorChecker : Bean 'zeebeWorkerPostProcessor' of type [io.zeebe.spring.client.config.processor.ZeebeWorkerPostProcessor] is not eligible for getting processed by all BeanPostProcessors (for example: not eligible for auto-proxying)
2020-05-26 15:13:00.710  INFO 70 --- [           main] trationDelegate$BeanPostProcessorChecker : Bean 'zeebe.client-io.zeebe.spring.client.properties.ZeebeClientConfigurationProperties' of type [io.zeebe.spring.client.properties.ZeebeClientConfigurationProperties] is not eligible for getting processed by all BeanPostProcessors (for example: not eligible for auto-proxying)
2020-05-26 15:13:00.732  INFO 70 --- [           main] trationDelegate$BeanPostProcessorChecker : Bean 'io.zeebe.spring.client.config.ZeebeClientStarterAutoConfiguration' of type [io.zeebe.spring.client.config.ZeebeClientStarterAutoConfiguration$$EnhancerBySpringCGLIB$$1773825d] is not eligible for getting processed by all BeanPostProcessors (for example: not eligible for auto-proxying)
2020-05-26 15:13:00.834  INFO 70 --- [           main] trationDelegate$BeanPostProcessorChecker : Bean 'builder' of type [io.zeebe.client.impl.ZeebeClientBuilderImpl] is not eligible for getting processed by all BeanPostProcessors (for example: not eligible for auto-proxying)
2020-05-26 15:13:00.843  INFO 70 --- [           main] trationDelegate$BeanPostProcessorChecker : Bean 'io.zeebe.spring.client.config.ZeebeClientSpringConfiguration' of type [io.zeebe.spring.client.config.ZeebeClientSpringConfiguration] is not eligible for getting processed by all BeanPostProcessors (for example: not eligible for auto-proxying)
2020-05-26 15:13:00.864  INFO 70 --- [           main] trationDelegate$BeanPostProcessorChecker : Bean 'zeebeClientObjectFactory' of type [io.zeebe.spring.client.config.ZeebeClientSpringConfiguration$$Lambda$452/0x0000000100397840] is not eligible for getting processed by all BeanPostProcessors (for example: not eligible for auto-proxying)
2020-05-26 15:13:00.930  INFO 70 --- [           main] trationDelegate$BeanPostProcessorChecker : Bean 'zeebeClientLifecycle' of type [io.zeebe.spring.client.ZeebeClientLifecycle] is not eligible for getting processed by all BeanPostProcessors (for example: not eligible for auto-proxying)
2020-05-26 15:13:01.342  INFO 70 --- [           main] i.z.s.c.c.p.ZeebeWorkerPostProcessor     : zeebeWorker: ClassInfo(bean=com.*******.conferences.email.DemoApplication$$EnhancerBySpringCGLIB$$c157df80@443faa85, beanName=demoApplication)
2020-05-26 15:13:08.132  INFO 70 --- [           main] o.s.b.a.e.web.EndpointLinksResolver      : Exposing 2 endpoint(s) beneath base path '/actuator'
2020-05-26 15:13:10.811  INFO 70 --- [           main] i.z.s.c.c.p.ZeebeWorkerPostProcessor     : register job worker: ZeebeWorkerValue(type=email, name=email-worker, timeout=-1, maxJobsActive=-1, beanInfo=MethodInfo(classInfo=ClassInfo(bean=com.*******.conferences.email.DemoApplication$$EnhancerBySpringCGLIB$$c157df80@443faa85, beanName=demoApplication), method=public void com.*******.conferences.email.DemoApplication.sendEmailNotification(io.zeebe.client.api.worker.JobClient,io.zeebe.client.api.response.ActivatedJob)))
2020-05-26 15:13:10.935  INFO 70 --- [           main] c.s.c.email.DemoApplicationTests         : Started DemoApplicationTests in 15.185 seconds (JVM running for 19.407)
2020-05-26 15:13:11.210  WARN 70 --- [ault-executor-0] io.grpc.internal.ManagedChannelImpl      : [Channel<1>: (**-zeebe:26500)] Failed to resolve name. status=Status{code=UNAVAILABLE, description=Unable to resolve host **-zeebe, cause=java.lang.RuntimeException: java.net.UnknownHostException: **-zeebe: Name or service not known
	at io.grpc.internal.DnsNameResolver.resolveAll(DnsNameResolver.java:436)
	at io.grpc.internal.DnsNameResolver$Resolve.resolveInternal(DnsNameResolver.java:272)
	at io.grpc.internal.DnsNameResolver$Resolve.run(DnsNameResolver.java:228)
	at java.base/java.util.concurrent.ThreadPoolExecutor.runWorker(ThreadPoolExecutor.java:1128)
	at java.base/java.util.concurrent.ThreadPoolExecutor$Worker.run(ThreadPoolExecutor.java:628)
	at java.base/java.lang.Thread.run(Thread.java:834)
Caused by: java.net.UnknownHostException: **-zeebe: Name or service not known
	at java.base/java.net.Inet4AddressImpl.lookupAllHostAddr(Native Method)
	at java.base/java.net.InetAddress$PlatformNameService.lookupAllHostAddr(InetAddress.java:929)
	at java.base/java.net.InetAddress.getAddressesFromNameService(InetAddress.java:1515)
	at java.base/java.net.InetAddress$NameServiceAddresses.get(InetAddress.java:848)
	at java.base/java.net.InetAddress.getAllByName0(InetAddress.java:1505)
	at java.base/java.net.InetAddress.getAllByName(InetAddress.java:1364)
	at java.base/java.net.InetAddress.getAllByName(InetAddress.java:1298)
	at io.grpc.internal.DnsNameResolver$JdkAddressResolver.resolveAddress(DnsNameResolver.java:646)
	at io.grpc.internal.DnsNameResolver.resolveAll(DnsNameResolver.java:404)
	... 5 more
}
2020-05-26 15:13:11.251  WARN 70 --- [ault-executor-0] io.zeebe.client.job.poller               : Failed to activated jobs for worker email-worker and job type email

io.grpc.StatusRuntimeException: UNAVAILABLE: Unable to resolve host **-zeebe
	at io.grpc.Status.asRuntimeException(Status.java:533) ~[grpc-api-1.28.1.jar:1.28.1]
	at io.grpc.stub.ClientCalls$StreamObserverToCallListenerAdapter.onClose(ClientCalls.java:449) ~[grpc-stub-1.28.1.jar:1.28.1]
	at io.grpc.internal.ClientCallImpl.closeObserver(ClientCallImpl.java:426) ~[grpc-core-1.28.1.jar:1.28.1]
	at io.grpc.internal.ClientCallImpl.access$500(ClientCallImpl.java:66) ~[grpc-core-1.28.1.jar:1.28.1]
	at io.grpc.internal.ClientCallImpl$ClientStreamListenerImpl.close(ClientCallImpl.java:689) ~[grpc-core-1.28.1.jar:1.28.1]
	at io.grpc.internal.ClientCallImpl$ClientStreamListenerImpl.access$900(ClientCallImpl.java:577) ~[grpc-core-1.28.1.jar:1.28.1]
	at io.grpc.internal.ClientCallImpl$ClientStreamListenerImpl$1StreamClosed.runInternal(ClientCallImpl.java:751) ~[grpc-core-1.28.1.jar:1.28.1]
	at io.grpc.internal.ClientCallImpl$ClientStreamListenerImpl$1StreamClosed.runInContext(ClientCallImpl.java:740) ~[grpc-core-1.28.1.jar:1.28.1]
	at io.grpc.internal.ContextRunnable.run(ContextRunnable.java:37) ~[grpc-core-1.28.1.jar:1.28.1]
	at io.grpc.internal.SerializingExecutor.run(SerializingExecutor.java:123) ~[grpc-core-1.28.1.jar:1.28.1]
	at java.base/java.util.concurrent.ThreadPoolExecutor.runWorker(ThreadPoolExecutor.java:1128) ~[na:na]
	at java.base/java.util.concurrent.ThreadPoolExecutor$Worker.run(ThreadPoolExecutor.java:628) ~[na:na]
	at java.base/java.lang.Thread.run(Thread.java:834) ~[na:na]
Caused by: java.lang.RuntimeException: java.net.UnknownHostException: **-zeebe: Name or service not known
	at io.grpc.internal.DnsNameResolver.resolveAll(DnsNameResolver.java:436) ~[grpc-core-1.28.1.jar:1.28.1]
	at io.grpc.internal.DnsNameResolver$Resolve.resolveInternal(DnsNameResolver.java:272) ~[grpc-core-1.28.1.jar:1.28.1]
	at io.grpc.internal.DnsNameResolver$Resolve.run(DnsNameResolver.java:228) ~[grpc-core-1.28.1.jar:1.28.1]
	... 3 common frames omitted
Caused by: java.net.UnknownHostException: **-zeebe: Name or service not known
	at java.base/java.net.Inet4AddressImpl.lookupAllHostAddr(Native Method) ~[na:na]
	at java.base/java.net.InetAddress$PlatformNameService.lookupAllHostAddr(InetAddress.java:929) ~[na:na]
	at java.base/java.net.InetAddress.getAddressesFromNameService(InetAddress.java:1515) ~[na:na]
	at java.base/java.net.InetAddress$NameServiceAddresses.get(InetAddress.java:848) ~[na:na]
	at java.base/java.net.InetAddress.getAllByName0(InetAddress.java:1505) ~[na:na]
	at java.base/java.net.InetAddress.getAllByName(InetAddress.java:1364) ~[na:na]
	at java.base/java.net.InetAddress.getAllByName(InetAddress.java:1298) ~[na:na]
	at io.grpc.internal.DnsNameResolver$JdkAddressResolver.resolveAddress(DnsNameResolver.java:646) ~[grpc-core-1.28.1.jar:1.28.1]
	at io.grpc.internal.DnsNameResolver.resolveAll(DnsNameResolver.java:404) ~[grpc-core-1.28.1.jar:1.28.1]
	... 5 common frames omitted

2020-05-26 15:13:11.531  WARN 70 --- [ault-executor-0] io.zeebe.client.job.poller               : Failed to activated jobs for worker email-worker and job type email

io.grpc.StatusRuntimeException: UNAVAILABLE: Unable to resolve host **-zeebe
	at io.grpc.Status.asRuntimeException(Status.java:533) ~[grpc-api-1.28.1.jar:1.28.1]
	at io.grpc.stub.ClientCalls$StreamObserverToCallListenerAdapter.onClose(ClientCalls.java:449) ~[grpc-stub-1.28.1.jar:1.28.1]
	at io.grpc.internal.ClientCallImpl.closeObserver(ClientCallImpl.java:426) ~[grpc-core-1.28.1.jar:1.28.1]
	at io.grpc.internal.ClientCallImpl.access$500(ClientCallImpl.java:66) ~[grpc-core-1.28.1.jar:1.28.1]
	at io.grpc.internal.ClientCallImpl$ClientStreamListenerImpl.close(ClientCallImpl.java:689) ~[grpc-core-1.28.1.jar:1.28.1]
	at io.grpc.internal.ClientCallImpl$ClientStreamListenerImpl.access$900(ClientCallImpl.java:577) ~[grpc-core-1.28.1.jar:1.28.1]
	at io.grpc.internal.ClientCallImpl$ClientStreamListenerImpl$1StreamClosed.runInternal(ClientCallImpl.java:751) ~[grpc-core-1.28.1.jar:1.28.1]
	at io.grpc.internal.ClientCallImpl$ClientStreamListenerImpl$1StreamClosed.runInContext(ClientCallImpl.java:740) ~[grpc-core-1.28.1.jar:1.28.1]
	at io.grpc.internal.ContextRunnable.run(ContextRunnable.java:37) ~[grpc-core-1.28.1.jar:1.28.1]
	at io.grpc.internal.SerializingExecutor.run(SerializingExecutor.java:123) ~[grpc-core-1.28.1.jar:1.28.1]
	at java.base/java.util.concurrent.ThreadPoolExecutor.runWorker(ThreadPoolExecutor.java:1128) ~[na:na]
	at java.base/java.util.concurrent.ThreadPoolExecutor$Worker.run(ThreadPoolExecutor.java:628) ~[na:na]
	at java.base/java.lang.Thread.run(Thread.java:834) ~[na:na]
Caused by: java.lang.RuntimeException: java.net.UnknownHostException: **-zeebe: Name or service not known
	at io.grpc.internal.DnsNameResolver.resolveAll(DnsNameResolver.java:436) ~[grpc-core-1.28.1.jar:1.28.1]
	at io.grpc.internal.DnsNameResolver$Resolve.resolveInternal(DnsNameResolver.java:272) ~[grpc-core-1.28.1.jar:1.28.1]
	at io.grpc.internal.DnsNameResolver$Resolve.run(DnsNameResolver.java:228) ~[grpc-core-1.28.1.jar:1.28.1]
	... 3 common frames omitted
Caused by: java.net.UnknownHostException: **-zeebe: Name or service not known
	at java.base/java.net.Inet4AddressImpl.lookupAllHostAddr(Native Method) ~[na:na]
	at java.base/java.net.InetAddress$PlatformNameService.lookupAllHostAddr(InetAddress.java:929) ~[na:na]
	at java.base/java.net.InetAddress.getAddressesFromNameService(InetAddress.java:1515) ~[na:na]
	at java.base/java.net.InetAddress$NameServiceAddresses.get(InetAddress.java:848) ~[na:na]
	at java.base/java.net.InetAddress.getAllByName0(InetAddress.java:1505) ~[na:na]
	at java.base/java.net.InetAddress.getAllByName(InetAddress.java:1364) ~[na:na]
	at java.base/java.net.InetAddress.getAllByName(InetAddress.java:1298) ~[na:na]
	at io.grpc.internal.DnsNameResolver$JdkAddressResolver.resolveAddress(DnsNameResolver.java:646) ~[grpc-core-1.28.1.jar:1.28.1]
	at io.grpc.internal.DnsNameResolver.resolveAll(DnsNameResolver.java:404) ~[grpc-core-1.28.1.jar:1.28.1]
	... 5 common frames omitted

2020-05-26 15:13:11.631  WARN 70 --- [ault-executor-0] io.zeebe.client.job.poller               : Failed to activated jobs for worker email-worker and job type email

io.grpc.StatusRuntimeException: UNAVAILABLE: Unable to resolve host **-zeebe
	at io.grpc.Status.asRuntimeException(Status.java:533) ~[grpc-api-1.28.1.jar:1.28.1]
	at io.grpc.stub.ClientCalls$StreamObserverToCallListenerAdapter.onClose(ClientCalls.java:449) ~[grpc-stub-1.28.1.jar:1.28.1]
	at io.grpc.internal.ClientCallImpl.closeObserver(ClientCallImpl.java:426) ~[grpc-core-1.28.1.jar:1.28.1]
	at io.grpc.internal.ClientCallImpl.access$500(ClientCallImpl.java:66) ~[grpc-core-1.28.1.jar:1.28.1]
	at io.grpc.internal.ClientCallImpl$ClientStreamListenerImpl.close(ClientCallImpl.java:689) ~[grpc-core-1.28.1.jar:1.28.1]
	at io.grpc.internal.ClientCallImpl$ClientStreamListenerImpl.access$900(ClientCallImpl.java:577) ~[grpc-core-1.28.1.jar:1.28.1]
	at io.grpc.internal.ClientCallImpl$ClientStreamListenerImpl$1StreamClosed.runInternal(ClientCallImpl.java:751) ~[grpc-core-1.28.1.jar:1.28.1]
	at io.grpc.internal.ClientCallImpl$ClientStreamListenerImpl$1StreamClosed.runInContext(ClientCallImpl.java:740) ~[grpc-core-1.28.1.jar:1.28.1]
	at io.grpc.internal.ContextRunnable.run(ContextRunnable.java:37) ~[grpc-core-1.28.1.jar:1.28.1]
	at io.grpc.internal.SerializingExecutor.run(SerializingExecutor.java:123) ~[grpc-core-1.28.1.jar:1.28.1]
	at java.base/java.util.concurrent.ThreadPoolExecutor.runWorker(ThreadPoolExecutor.java:1128) ~[na:na]
	at java.base/java.util.concurrent.ThreadPoolExecutor$Worker.run(ThreadPoolExecutor.java:628) ~[na:na]
	at java.base/java.lang.Thread.run(Thread.java:834) ~[na:na]
Caused by: java.lang.RuntimeException: java.net.UnknownHostException: **-zeebe: Name or service not known
	at io.grpc.internal.DnsNameResolver.resolveAll(DnsNameResolver.java:436) ~[grpc-core-1.28.1.jar:1.28.1]
	at io.grpc.internal.DnsNameResolver$Resolve.resolveInternal(DnsNameResolver.java:272) ~[grpc-core-1.28.1.jar:1.28.1]
	at io.grpc.internal.DnsNameResolver$Resolve.run(DnsNameResolver.java:228) ~[grpc-core-1.28.1.jar:1.28.1]
	... 3 common frames omitted
Caused by: java.net.UnknownHostException: **-zeebe: Name or service not known
	at java.base/java.net.Inet4AddressImpl.lookupAllHostAddr(Native Method) ~[na:na]
	at java.base/java.net.InetAddress$PlatformNameService.lookupAllHostAddr(InetAddress.java:929) ~[na:na]
	at java.base/java.net.InetAddress.getAddressesFromNameService(InetAddress.java:1515) ~[na:na]
	at java.base/java.net.InetAddress$NameServiceAddresses.get(InetAddress.java:848) ~[na:na]
	at java.base/java.net.InetAddress.getAllByName0(InetAddress.java:1505) ~[na:na]
	at java.base/java.net.InetAddress.getAllByName(InetAddress.java:1364) ~[na:na]
	at java.base/java.net.InetAddress.getAllByName(InetAddress.java:1298) ~[na:na]
	at io.grpc.internal.DnsNameResolver$JdkAddressResolver.resolveAddress(DnsNameResolver.java:646) ~[grpc-core-1.28.1.jar:1.28.1]
	at io.grpc.internal.DnsNameResolver.resolveAll(DnsNameResolver.java:404) ~[grpc-core-1.28.1.jar:1.28.1]
	... 5 common frames omitted

2020-05-26 15:13:11.732  WARN 70 --- [ault-executor-0] io.zeebe.client.job.poller               : Failed to activated jobs for worker email-worker and job type email

io.grpc.StatusRuntimeException: UNAVAILABLE: Unable to resolve host **-zeebe
	at io.grpc.Status.asRuntimeException(Status.java:533) ~[grpc-api-1.28.1.jar:1.28.1]
	at io.grpc.stub.ClientCalls$StreamObserverToCallListenerAdapter.onClose(ClientCalls.java:449) ~[grpc-stub-1.28.1.jar:1.28.1]
	at io.grpc.internal.ClientCallImpl.closeObserver(ClientCallImpl.java:426) ~[grpc-core-1.28.1.jar:1.28.1]
	at io.grpc.internal.ClientCallImpl.access$500(ClientCallImpl.java:66) ~[grpc-core-1.28.1.jar:1.28.1]
	at io.grpc.internal.ClientCallImpl$ClientStreamListenerImpl.close(ClientCallImpl.java:689) ~[grpc-core-1.28.1.jar:1.28.1]
	at io.grpc.internal.ClientCallImpl$ClientStreamListenerImpl.access$900(ClientCallImpl.java:577) ~[grpc-core-1.28.1.jar:1.28.1]
	at io.grpc.internal.ClientCallImpl$ClientStreamListenerImpl$1StreamClosed.runInternal(ClientCallImpl.java:751) ~[grpc-core-1.28.1.jar:1.28.1]
	at io.grpc.internal.ClientCallImpl$ClientStreamListenerImpl$1StreamClosed.runInContext(ClientCallImpl.java:740) ~[grpc-core-1.28.1.jar:1.28.1]
	at io.grpc.internal.ContextRunnable.run(ContextRunnable.java:37) ~[grpc-core-1.28.1.jar:1.28.1]
	at io.grpc.internal.SerializingExecutor.run(SerializingExecutor.java:123) ~[grpc-core-1.28.1.jar:1.28.1]
	at java.base/java.util.concurrent.ThreadPoolExecutor.runWorker(ThreadPoolExecutor.java:1128) ~[na:na]
	at java.base/java.util.concurrent.ThreadPoolExecutor$Worker.run(ThreadPoolExecutor.java:628) ~[na:na]
	at java.base/java.lang.Thread.run(Thread.java:834) ~[na:na]
Caused by: java.lang.RuntimeException: java.net.UnknownHostException: **-zeebe: Name or service not known
	at io.grpc.internal.DnsNameResolver.resolveAll(DnsNameResolver.java:436) ~[grpc-core-1.28.1.jar:1.28.1]
	at io.grpc.internal.DnsNameResolver$Resolve.resolveInternal(DnsNameResolver.java:272) ~[grpc-core-1.28.1.jar:1.28.1]
	at io.grpc.internal.DnsNameResolver$Resolve.run(DnsNameResolver.java:228) ~[grpc-core-1.28.1.jar:1.28.1]
	... 3 common frames omitted
Caused by: java.net.UnknownHostException: **-zeebe: Name or service not known
	at java.base/java.net.Inet4AddressImpl.lookupAllHostAddr(Native Method) ~[na:na]
	at java.base/java.net.InetAddress$PlatformNameService.lookupAllHostAddr(InetAddress.java:929) ~[na:na]
	at java.base/java.net.InetAddress.getAddressesFromNameService(InetAddress.java:1515) ~[na:na]
	at java.base/java.net.InetAddress$NameServiceAddresses.get(InetAddress.java:848) ~[na:na]
	at java.base/java.net.InetAddress.getAllByName0(InetAddress.java:1505) ~[na:na]
	at java.base/java.net.InetAddress.getAllByName(InetAddress.java:1364) ~[na:na]
	at java.base/java.net.InetAddress.getAllByName(InetAddress.java:1298) ~[na:na]
	at io.grpc.internal.DnsNameResolver$JdkAddressResolver.resolveAddress(DnsNameResolver.java:646) ~[grpc-core-1.28.1.jar:1.28.1]
	at io.grpc.internal.DnsNameResolver.resolveAll(DnsNameResolver.java:404) ~[grpc-core-1.28.1.jar:1.28.1]
	... 5 common frames omitted

2020-05-26 15:13:11.832  WARN 70 --- [ault-executor-0] io.zeebe.client.job.poller               : Failed to activated jobs for worker email-worker and job type email

io.grpc.StatusRuntimeException: UNAVAILABLE: Unable to resolve host **-zeebe
	at io.grpc.Status.asRuntimeException(Status.java:533) ~[grpc-api-1.28.1.jar:1.28.1]
	at io.grpc.stub.ClientCalls$StreamObserverToCallListenerAdapter.onClose(ClientCalls.java:449) ~[grpc-stub-1.28.1.jar:1.28.1]
	at io.grpc.internal.ClientCallImpl.closeObserver(ClientCallImpl.java:426) ~[grpc-core-1.28.1.jar:1.28.1]
	at io.grpc.internal.ClientCallImpl.access$500(ClientCallImpl.java:66) ~[grpc-core-1.28.1.jar:1.28.1]
	at io.grpc.internal.ClientCallImpl$ClientStreamListenerImpl.close(ClientCallImpl.java:689) ~[grpc-core-1.28.1.jar:1.28.1]
	at io.grpc.internal.ClientCallImpl$ClientStreamListenerImpl.access$900(ClientCallImpl.java:577) ~[grpc-core-1.28.1.jar:1.28.1]
	at io.grpc.internal.ClientCallImpl$ClientStreamListenerImpl$1StreamClosed.runInternal(ClientCallImpl.java:751) ~[grpc-core-1.28.1.jar:1.28.1]
	at io.grpc.internal.ClientCallImpl$ClientStreamListenerImpl$1StreamClosed.runInContext(ClientCallImpl.java:740) ~[grpc-core-1.28.1.jar:1.28.1]
	at io.grpc.internal.ContextRunnable.run(ContextRunnable.java:37) ~[grpc-core-1.28.1.jar:1.28.1]
	at io.grpc.internal.SerializingExecutor.run(SerializingExecutor.java:123) ~[grpc-core-1.28.1.jar:1.28.1]
	at java.base/java.util.concurrent.ThreadPoolExecutor.runWorker(ThreadPoolExecutor.java:1128) ~[na:na]
	at java.base/java.util.concurrent.ThreadPoolExecutor$Worker.run(ThreadPoolExecutor.java:628) ~[na:na]
	at java.base/java.lang.Thread.run(Thread.java:834) ~[na:na]
Caused by: java.lang.RuntimeException: java.net.UnknownHostException: **-zeebe: Name or service not known
	at io.grpc.internal.DnsNameResolver.resolveAll(DnsNameResolver.java:436) ~[grpc-core-1.28.1.jar:1.28.1]
	at io.grpc.internal.DnsNameResolver$Resolve.resolveInternal(DnsNameResolver.java:272) ~[grpc-core-1.28.1.jar:1.28.1]
	at io.grpc.internal.DnsNameResolver$Resolve.run(DnsNameResolver.java:228) ~[grpc-core-1.28.1.jar:1.28.1]
	... 3 common frames omitted
Caused by: java.net.UnknownHostException: **-zeebe: Name or service not known
	at java.base/java.net.Inet4AddressImpl.lookupAllHostAddr(Native Method) ~[na:na]
	at java.base/java.net.InetAddress$PlatformNameService.lookupAllHostAddr(InetAddress.java:929) ~[na:na]
	at java.base/java.net.InetAddress.getAddressesFromNameService(InetAddress.java:1515) ~[na:na]
	at java.base/java.net.InetAddress$NameServiceAddresses.get(InetAddress.java:848) ~[na:na]
	at java.base/java.net.InetAddress.getAllByName0(InetAddress.java:1505) ~[na:na]
	at java.base/java.net.InetAddress.getAllByName(InetAddress.java:1364) ~[na:na]
	at java.base/java.net.InetAddress.getAllByName(InetAddress.java:1298) ~[na:na]
	at io.grpc.internal.DnsNameResolver$JdkAddressResolver.resolveAddress(DnsNameResolver.java:646) ~[grpc-core-1.28.1.jar:1.28.1]
	at io.grpc.internal.DnsNameResolver.resolveAll(DnsNameResolver.java:404) ~[grpc-core-1.28.1.jar:1.28.1]
	... 5 common frames omitted

2020-05-26 15:13:11.933  WARN 70 --- [ault-executor-0] io.zeebe.client.job.poller               : Failed to activated jobs for worker email-worker and job type email

io.grpc.StatusRuntimeException: UNAVAILABLE: Unable to resolve host **-zeebe
	at io.grpc.Status.asRuntimeException(Status.java:533) ~[grpc-api-1.28.1.jar:1.28.1]
	at io.grpc.stub.ClientCalls$StreamObserverToCallListenerAdapter.onClose(ClientCalls.java:449) ~[grpc-stub-1.28.1.jar:1.28.1]
	at io.grpc.internal.ClientCallImpl.closeObserver(ClientCallImpl.java:426) ~[grpc-core-1.28.1.jar:1.28.1]
	at io.grpc.internal.ClientCallImpl.access$500(ClientCallImpl.java:66) ~[grpc-core-1.28.1.jar:1.28.1]
	at io.grpc.internal.ClientCallImpl$ClientStreamListenerImpl.close(ClientCallImpl.java:689) ~[grpc-core-1.28.1.jar:1.28.1]
	at io.grpc.internal.ClientCallImpl$ClientStreamListenerImpl.access$900(ClientCallImpl.java:577) ~[grpc-core-1.28.1.jar:1.28.1]
	at io.grpc.internal.ClientCallImpl$ClientStreamListenerImpl$1StreamClosed.runInternal(ClientCallImpl.java:751) ~[grpc-core-1.28.1.jar:1.28.1]
	at io.grpc.internal.ClientCallImpl$ClientStreamListenerImpl$1StreamClosed.runInContext(ClientCallImpl.java:740) ~[grpc-core-1.28.1.jar:1.28.1]
	at io.grpc.internal.ContextRunnable.run(ContextRunnable.java:37) ~[grpc-core-1.28.1.jar:1.28.1]
	at io.grpc.internal.SerializingExecutor.run(SerializingExecutor.java:123) ~[grpc-core-1.28.1.jar:1.28.1]
	at java.base/java.util.concurrent.ThreadPoolExecutor.runWorker(ThreadPoolExecutor.java:1128) ~[na:na]
	at java.base/java.util.concurrent.ThreadPoolExecutor$Worker.run(ThreadPoolExecutor.java:628) ~[na:na]
	at java.base/java.lang.Thread.run(Thread.java:834) ~[na:na]
Caused by: java.lang.RuntimeException: java.net.UnknownHostException: **-zeebe: Name or service not known
	at io.grpc.internal.DnsNameResolver.resolveAll(DnsNameResolver.java:436) ~[grpc-core-1.28.1.jar:1.28.1]
	at io.grpc.internal.DnsNameResolver$Resolve.resolveInternal(DnsNameResolver.java:272) ~[grpc-core-1.28.1.jar:1.28.1]
	at io.grpc.internal.DnsNameResolver$Resolve.run(DnsNameResolver.java:228) ~[grpc-core-1.28.1.jar:1.28.1]
	... 3 common frames omitted
Caused by: java.net.UnknownHostException: **-zeebe: Name or service not known
	at java.base/java.net.Inet4AddressImpl.lookupAllHostAddr(Native Method) ~[na:na]
	at java.base/java.net.InetAddress$PlatformNameService.lookupAllHostAddr(InetAddress.java:929) ~[na:na]
	at java.base/java.net.InetAddress.getAddressesFromNameService(InetAddress.java:1515) ~[na:na]
	at java.base/java.net.InetAddress$NameServiceAddresses.get(InetAddress.java:848) ~[na:na]
	at java.base/java.net.InetAddress.getAllByName0(InetAddress.java:1505) ~[na:na]
	at java.base/java.net.InetAddress.getAllByName(InetAddress.java:1364) ~[na:na]
	at java.base/java.net.InetAddress.getAllByName(InetAddress.java:1298) ~[na:na]
	at io.grpc.internal.DnsNameResolver$JdkAddressResolver.resolveAddress(DnsNameResolver.java:646) ~[grpc-core-1.28.1.jar:1.28.1]
	at io.grpc.internal.DnsNameResolver.resolveAll(DnsNameResolver.java:404) ~[grpc-core-1.28.1.jar:1.28.1]
	... 5 common frames omitted

2020-05-26 15:13:12.033  WARN 70 --- [ault-executor-0] io.zeebe.client.job.poller               : Failed to activated jobs for worker email-worker and job type email

io.grpc.StatusRuntimeException: UNAVAILABLE: Unable to resolve host **-zeebe
	at io.grpc.Status.asRuntimeException(Status.java:533) ~[grpc-api-1.28.1.jar:1.28.1]
	at io.grpc.stub.ClientCalls$StreamObserverToCallListenerAdapter.onClose(ClientCalls.java:449) ~[grpc-stub-1.28.1.jar:1.28.1]
	at io.grpc.internal.ClientCallImpl.closeObserver(ClientCallImpl.java:426) ~[grpc-core-1.28.1.jar:1.28.1]
	at io.grpc.internal.ClientCallImpl.access$500(ClientCallImpl.java:66) ~[grpc-core-1.28.1.jar:1.28.1]
	at io.grpc.internal.ClientCallImpl$ClientStreamListenerImpl.close(ClientCallImpl.java:689) ~[grpc-core-1.28.1.jar:1.28.1]
	at io.grpc.internal.ClientCallImpl$ClientStreamListenerImpl.access$900(ClientCallImpl.java:577) ~[grpc-core-1.28.1.jar:1.28.1]
	at io.grpc.internal.ClientCallImpl$ClientStreamListenerImpl$1StreamClosed.runInternal(ClientCallImpl.java:751) ~[grpc-core-1.28.1.jar:1.28.1]
	at io.grpc.internal.ClientCallImpl$ClientStreamListenerImpl$1StreamClosed.runInContext(ClientCallImpl.java:740) ~[grpc-core-1.28.1.jar:1.28.1]
	at io.grpc.internal.ContextRunnable.run(ContextRunnable.java:37) ~[grpc-core-1.28.1.jar:1.28.1]
	at io.grpc.internal.SerializingExecutor.run(SerializingExecutor.java:123) ~[grpc-core-1.28.1.jar:1.28.1]
	at java.base/java.util.concurrent.ThreadPoolExecutor.runWorker(ThreadPoolExecutor.java:1128) ~[na:na]
	at java.base/java.util.concurrent.ThreadPoolExecutor$Worker.run(ThreadPoolExecutor.java:628) ~[na:na]
	at java.base/java.lang.Thread.run(Thread.java:834) ~[na:na]
Caused by: java.lang.RuntimeException: java.net.UnknownHostException: **-zeebe: Name or service not known
	at io.grpc.internal.DnsNameResolver.resolveAll(DnsNameResolver.java:436) ~[grpc-core-1.28.1.jar:1.28.1]
	at io.grpc.internal.DnsNameResolver$Resolve.resolveInternal(DnsNameResolver.java:272) ~[grpc-core-1.28.1.jar:1.28.1]
	at io.grpc.internal.DnsNameResolver$Resolve.run(DnsNameResolver.java:228) ~[grpc-core-1.28.1.jar:1.28.1]
	... 3 common frames omitted
Caused by: java.net.UnknownHostException: **-zeebe: Name or service not known
	at java.base/java.net.Inet4AddressImpl.lookupAllHostAddr(Native Method) ~[na:na]
	at java.base/java.net.InetAddress$PlatformNameService.lookupAllHostAddr(InetAddress.java:929) ~[na:na]
	at java.base/java.net.InetAddress.getAddressesFromNameService(InetAddress.java:1515) ~[na:na]
	at java.base/java.net.InetAddress$NameServiceAddresses.get(InetAddress.java:848) ~[na:na]
	at java.base/java.net.InetAddress.getAllByName0(InetAddress.java:1505) ~[na:na]
	at java.base/java.net.InetAddress.getAllByName(InetAddress.java:1364) ~[na:na]
	at java.base/java.net.InetAddress.getAllByName(InetAddress.java:1298) ~[na:na]
	at io.grpc.internal.DnsNameResolver$JdkAddressResolver.resolveAddress(DnsNameResolver.java:646) ~[grpc-core-1.28.1.jar:1.28.1]
	at io.grpc.internal.DnsNameResolver.resolveAll(DnsNameResolver.java:404) ~[grpc-core-1.28.1.jar:1.28.1]
	... 5 common frames omitted

2020-05-26 15:13:12.134  WARN 70 --- [ault-executor-0] io.zeebe.client.job.poller               : Failed to activated jobs for worker email-worker and job type email

io.grpc.StatusRuntimeException: UNAVAILABLE: Unable to resolve host **-zeebe
	at io.grpc.Status.asRuntimeException(Status.java:533) ~[grpc-api-1.28.1.jar:1.28.1]
	at io.grpc.stub.ClientCalls$StreamObserverToCallListenerAdapter.onClose(ClientCalls.java:449) ~[grpc-stub-1.28.1.jar:1.28.1]
	at io.grpc.internal.ClientCallImpl.closeObserver(ClientCallImpl.java:426) ~[grpc-core-1.28.1.jar:1.28.1]
	at io.grpc.internal.ClientCallImpl.access$500(ClientCallImpl.java:66) ~[grpc-core-1.28.1.jar:1.28.1]
	at io.grpc.internal.ClientCallImpl$ClientStreamListenerImpl.close(ClientCallImpl.java:689) ~[grpc-core-1.28.1.jar:1.28.1]
	at io.grpc.internal.ClientCallImpl$ClientStreamListenerImpl.access$900(ClientCallImpl.java:577) ~[grpc-core-1.28.1.jar:1.28.1]
	at io.grpc.internal.ClientCallImpl$ClientStreamListenerImpl$1StreamClosed.runInternal(ClientCallImpl.java:751) ~[grpc-core-1.28.1.jar:1.28.1]
	at io.grpc.internal.ClientCallImpl$ClientStreamListenerImpl$1StreamClosed.runInContext(ClientCallImpl.java:740) ~[grpc-core-1.28.1.jar:1.28.1]
	at io.grpc.internal.ContextRunnable.run(ContextRunnable.java:37) ~[grpc-core-1.28.1.jar:1.28.1]
	at io.grpc.internal.SerializingExecutor.run(SerializingExecutor.java:123) ~[grpc-core-1.28.1.jar:1.28.1]
	at java.base/java.util.concurrent.ThreadPoolExecutor.runWorker(ThreadPoolExecutor.java:1128) ~[na:na]
	at java.base/java.util.concurrent.ThreadPoolExecutor$Worker.run(ThreadPoolExecutor.java:628) ~[na:na]
	at java.base/java.lang.Thread.run(Thread.java:834) ~[na:na]
Caused by: java.lang.RuntimeException: java.net.UnknownHostException: **-zeebe: Name or service not known
	at io.grpc.internal.DnsNameResolver.resolveAll(DnsNameResolver.java:436) ~[grpc-core-1.28.1.jar:1.28.1]
	at io.grpc.internal.DnsNameResolver$Resolve.resolveInternal(DnsNameResolver.java:272) ~[grpc-core-1.28.1.jar:1.28.1]
	at io.grpc.internal.DnsNameResolver$Resolve.run(DnsNameResolver.java:228) ~[grpc-core-1.28.1.jar:1.28.1]
	... 3 common frames omitted
Caused by: java.net.UnknownHostException: **-zeebe: Name or service not known
	at java.base/java.net.Inet4AddressImpl.lookupAllHostAddr(Native Method) ~[na:na]
	at java.base/java.net.InetAddress$PlatformNameService.lookupAllHostAddr(InetAddress.java:929) ~[na:na]
	at java.base/java.net.InetAddress.getAddressesFromNameService(InetAddress.java:1515) ~[na:na]
	at java.base/java.net.InetAddress$NameServiceAddresses.get(InetAddress.java:848) ~[na:na]
	at java.base/java.net.InetAddress.getAllByName0(InetAddress.java:1505) ~[na:na]
	at java.base/java.net.InetAddress.getAllByName(InetAddress.java:1364) ~[na:na]
	at java.base/java.net.InetAddress.getAllByName(InetAddress.java:1298) ~[na:na]
	at io.grpc.internal.DnsNameResolver$JdkAddressResolver.resolveAddress(DnsNameResolver.java:646) ~[grpc-core-1.28.1.jar:1.28.1]
	at io.grpc.internal.DnsNameResolver.resolveAll(DnsNameResolver.java:404) ~[grpc-core-1.28.1.jar:1.28.1]
	... 5 common frames omitted

2020-05-26 15:13:12.235  WARN 70 --- [ault-executor-0] io.zeebe.client.job.poller               : Failed to activated jobs for worker email-worker and job type email

io.grpc.StatusRuntimeException: UNAVAILABLE: Unable to resolve host **-zeebe
	at io.grpc.Status.asRuntimeException(Status.java:533) ~[grpc-api-1.28.1.jar:1.28.1]
	at io.grpc.stub.ClientCalls$StreamObserverToCallListenerAdapter.onClose(ClientCalls.java:449) ~[grpc-stub-1.28.1.jar:1.28.1]
	at io.grpc.internal.ClientCallImpl.closeObserver(ClientCallImpl.java:426) ~[grpc-core-1.28.1.jar:1.28.1]
	at io.grpc.internal.ClientCallImpl.access$500(ClientCallImpl.java:66) ~[grpc-core-1.28.1.jar:1.28.1]
	at io.grpc.internal.ClientCallImpl$ClientStreamListenerImpl.close(ClientCallImpl.java:689) ~[grpc-core-1.28.1.jar:1.28.1]
	at io.grpc.internal.ClientCallImpl$ClientStreamListenerImpl.access$900(ClientCallImpl.java:577) ~[grpc-core-1.28.1.jar:1.28.1]
	at io.grpc.internal.ClientCallImpl$ClientStreamListenerImpl$1StreamClosed.runInternal(ClientCallImpl.java:751) ~[grpc-core-1.28.1.jar:1.28.1]
	at io.grpc.internal.ClientCallImpl$ClientStreamListenerImpl$1StreamClosed.runInContext(ClientCallImpl.java:740) ~[grpc-core-1.28.1.jar:1.28.1]
	at io.grpc.internal.ContextRunnable.run(ContextRunnable.java:37) ~[grpc-core-1.28.1.jar:1.28.1]
	at io.grpc.internal.SerializingExecutor.run(SerializingExecutor.java:123) ~[grpc-core-1.28.1.jar:1.28.1]
	at java.base/java.util.concurrent.ThreadPoolExecutor.runWorker(ThreadPoolExecutor.java:1128) ~[na:na]
	at java.base/java.util.concurrent.ThreadPoolExecutor$Worker.run(ThreadPoolExecutor.java:628) ~[na:na]
	at java.base/java.lang.Thread.run(Thread.java:834) ~[na:na]
Caused by: java.lang.RuntimeException: java.net.UnknownHostException: **-zeebe: Name or service not known
	at io.grpc.internal.DnsNameResolver.resolveAll(DnsNameResolver.java:436) ~[grpc-core-1.28.1.jar:1.28.1]
	at io.grpc.internal.DnsNameResolver$Resolve.resolveInternal(DnsNameResolver.java:272) ~[grpc-core-1.28.1.jar:1.28.1]
	at io.grpc.internal.DnsNameResolver$Resolve.run(DnsNameResolver.java:228) ~[grpc-core-1.28.1.jar:1.28.1]
	... 3 common frames omitted
Caused by: java.net.UnknownHostException: **-zeebe: Name or service not known
	at java.base/java.net.Inet4AddressImpl.lookupAllHostAddr(Native Method) ~[na:na]
	at java.base/java.net.InetAddress$PlatformNameService.lookupAllHostAddr(InetAddress.java:929) ~[na:na]
	at java.base/java.net.InetAddress.getAddressesFromNameService(InetAddress.java:1515) ~[na:na]
	at java.base/java.net.InetAddress$NameServiceAddresses.get(InetAddress.java:848) ~[na:na]
	at java.base/java.net.InetAddress.getAllByName0(InetAddress.java:1505) ~[na:na]
	at java.base/java.net.InetAddress.getAllByName(InetAddress.java:1364) ~[na:na]
	at java.base/java.net.InetAddress.getAllByName(InetAddress.java:1298) ~[na:na]
	at io.grpc.internal.DnsNameResolver$JdkAddressResolver.resolveAddress(DnsNameResolver.java:646) ~[grpc-core-1.28.1.jar:1.28.1]
	at io.grpc.internal.DnsNameResolver.resolveAll(DnsNameResolver.java:404) ~[grpc-core-1.28.1.jar:1.28.1]
	... 5 common frames omitted

2020-05-26 15:13:12.335  WARN 70 --- [ault-executor-0] io.zeebe.client.job.poller               : Failed to activated jobs for worker email-worker and job type email

io.grpc.StatusRuntimeException: UNAVAILABLE: Unable to resolve host **-zeebe
	at io.grpc.Status.asRuntimeException(Status.java:533) ~[grpc-api-1.28.1.jar:1.28.1]
	at io.grpc.stub.ClientCalls$StreamObserverToCallListenerAdapter.onClose(ClientCalls.java:449) ~[grpc-stub-1.28.1.jar:1.28.1]
	at io.grpc.internal.ClientCallImpl.closeObserver(ClientCallImpl.java:426) ~[grpc-core-1.28.1.jar:1.28.1]
	at io.grpc.internal.ClientCallImpl.access$500(ClientCallImpl.java:66) ~[grpc-core-1.28.1.jar:1.28.1]
	at io.grpc.internal.ClientCallImpl$ClientStreamListenerImpl.close(ClientCallImpl.java:689) ~[grpc-core-1.28.1.jar:1.28.1]
	at io.grpc.internal.ClientCallImpl$ClientStreamListenerImpl.access$900(ClientCallImpl.java:577) ~[grpc-core-1.28.1.jar:1.28.1]
	at io.grpc.internal.ClientCallImpl$ClientStreamListenerImpl$1StreamClosed.runInternal(ClientCallImpl.java:751) ~[grpc-core-1.28.1.jar:1.28.1]
	at io.grpc.internal.ClientCallImpl$ClientStreamListenerImpl$1StreamClosed.runInContext(ClientCallImpl.java:740) ~[grpc-core-1.28.1.jar:1.28.1]
	at io.grpc.internal.ContextRunnable.run(ContextRunnable.java:37) ~[grpc-core-1.28.1.jar:1.28.1]
	at io.grpc.internal.SerializingExecutor.run(SerializingExecutor.java:123) ~[grpc-core-1.28.1.jar:1.28.1]
	at java.base/java.util.concurrent.ThreadPoolExecutor.runWorker(ThreadPoolExecutor.java:1128) ~[na:na]
	at java.base/java.util.concurrent.ThreadPoolExecutor$Worker.run(ThreadPoolExecutor.java:628) ~[na:na]
	at java.base/java.lang.Thread.run(Thread.java:834) ~[na:na]
Caused by: java.lang.RuntimeException: java.net.UnknownHostException: **-zeebe: Name or service not known
	at io.grpc.internal.DnsNameResolver.resolveAll(DnsNameResolver.java:436) ~[grpc-core-1.28.1.jar:1.28.1]
	at io.grpc.internal.DnsNameResolver$Resolve.resolveInternal(DnsNameResolver.java:272) ~[grpc-core-1.28.1.jar:1.28.1]
	at io.grpc.internal.DnsNameResolver$Resolve.run(DnsNameResolver.java:228) ~[grpc-core-1.28.1.jar:1.28.1]
	... 3 common frames omitted
Caused by: java.net.UnknownHostException: **-zeebe: Name or service not known
	at java.base/java.net.Inet4AddressImpl.lookupAllHostAddr(Native Method) ~[na:na]
	at java.base/java.net.InetAddress$PlatformNameService.lookupAllHostAddr(InetAddress.java:929) ~[na:na]
	at java.base/java.net.InetAddress.getAddressesFromNameService(InetAddress.java:1515) ~[na:na]
	at java.base/java.net.InetAddress$NameServiceAddresses.get(InetAddress.java:848) ~[na:na]
	at java.base/java.net.InetAddress.getAllByName0(InetAddress.java:1505) ~[na:na]
	at java.base/java.net.InetAddress.getAllByName(InetAddress.java:1364) ~[na:na]
	at java.base/java.net.InetAddress.getAllByName(InetAddress.java:1298) ~[na:na]
	at io.grpc.internal.DnsNameResolver$JdkAddressResolver.resolveAddress(DnsNameResolver.java:646) ~[grpc-core-1.28.1.jar:1.28.1]
	at io.grpc.internal.DnsNameResolver.resolveAll(DnsNameResolver.java:404) ~[grpc-core-1.28.1.jar:1.28.1]
	... 5 common frames omitted

2020-05-26 15:13:12.409  WARN 70 --- [ault-executor-0] io.grpc.internal.ManagedChannelImpl      : [Channel<1>: (**-zeebe:26500)] Failed to resolve name. status=Status{code=UNAVAILABLE, description=Unable to resolve host **-zeebe, cause=java.lang.RuntimeException: java.net.UnknownHostException: **-zeebe
	at io.grpc.internal.DnsNameResolver.resolveAll(DnsNameResolver.java:436)
	at io.grpc.internal.DnsNameResolver$Resolve.resolveInternal(DnsNameResolver.java:272)
	at io.grpc.internal.DnsNameResolver$Resolve.run(DnsNameResolver.java:228)
	at java.base/java.util.concurrent.ThreadPoolExecutor.runWorker(ThreadPoolExecutor.java:1128)
	at java.base/java.util.concurrent.ThreadPoolExecutor$Worker.run(ThreadPoolExecutor.java:628)
	at java.base/java.lang.Thread.run(Thread.java:834)
Caused by: java.net.UnknownHostException: **-zeebe
	at java.base/java.net.InetAddress$CachedAddresses.get(InetAddress.java:797)
	at java.base/java.net.InetAddress.getAllByName0(InetAddress.java:1505)
	at java.base/java.net.InetAddress.getAllByName(InetAddress.java:1364)
	at java.base/java.net.InetAddress.getAllByName(InetAddress.java:1298)
	at io.grpc.internal.DnsNameResolver$JdkAddressResolver.resolveAddress(DnsNameResolver.java:646)
	at io.grpc.internal.DnsNameResolver.resolveAll(DnsNameResolver.java:404)
	... 5 more
}
2020-05-26 15:13:12.436  WARN 70 --- [ault-executor-0] io.zeebe.client.job.poller               : Failed to activated jobs for worker email-worker and job type email

io.grpc.StatusRuntimeException: UNAVAILABLE: Unable to resolve host **-zeebe
	at io.grpc.Status.asRuntimeException(Status.java:533) ~[grpc-api-1.28.1.jar:1.28.1]
	at io.grpc.stub.ClientCalls$StreamObserverToCallListenerAdapter.onClose(ClientCalls.java:449) ~[grpc-stub-1.28.1.jar:1.28.1]
	at io.grpc.internal.ClientCallImpl.closeObserver(ClientCallImpl.java:426) ~[grpc-core-1.28.1.jar:1.28.1]
	at io.grpc.internal.ClientCallImpl.access$500(ClientCallImpl.java:66) ~[grpc-core-1.28.1.jar:1.28.1]
	at io.grpc.internal.ClientCallImpl$ClientStreamListenerImpl.close(ClientCallImpl.java:689) ~[grpc-core-1.28.1.jar:1.28.1]
	at io.grpc.internal.ClientCallImpl$ClientStreamListenerImpl.access$900(ClientCallImpl.java:577) ~[grpc-core-1.28.1.jar:1.28.1]
	at io.grpc.internal.ClientCallImpl$ClientStreamListenerImpl$1StreamClosed.runInternal(ClientCallImpl.java:751) ~[grpc-core-1.28.1.jar:1.28.1]
	at io.grpc.internal.ClientCallImpl$ClientStreamListenerImpl$1StreamClosed.runInContext(ClientCallImpl.java:740) ~[grpc-core-1.28.1.jar:1.28.1]
	at io.grpc.internal.ContextRunnable.run(ContextRunnable.java:37) ~[grpc-core-1.28.1.jar:1.28.1]
	at io.grpc.internal.SerializingExecutor.run(SerializingExecutor.java:123) ~[grpc-core-1.28.1.jar:1.28.1]
	at java.base/java.util.concurrent.ThreadPoolExecutor.runWorker(ThreadPoolExecutor.java:1128) ~[na:na]
	at java.base/java.util.concurrent.ThreadPoolExecutor$Worker.run(ThreadPoolExecutor.java:628) ~[na:na]
	at java.base/java.lang.Thread.run(Thread.java:834) ~[na:na]
Caused by: java.lang.RuntimeException: java.net.UnknownHostException: **-zeebe
	at io.grpc.internal.DnsNameResolver.resolveAll(DnsNameResolver.java:436) ~[grpc-core-1.28.1.jar:1.28.1]
	at io.grpc.internal.DnsNameResolver$Resolve.resolveInternal(DnsNameResolver.java:272) ~[grpc-core-1.28.1.jar:1.28.1]
	at io.grpc.internal.DnsNameResolver$Resolve.run(DnsNameResolver.java:228) ~[grpc-core-1.28.1.jar:1.28.1]
	... 3 common frames omitted
Caused by: java.net.UnknownHostException: **-zeebe
	at java.base/java.net.InetAddress$CachedAddresses.get(InetAddress.java:797) ~[na:na]
	at java.base/java.net.InetAddress.getAllByName0(InetAddress.java:1505) ~[na:na]
	at java.base/java.net.InetAddress.getAllByName(InetAddress.java:1364) ~[na:na]
	at java.base/java.net.InetAddress.getAllByName(InetAddress.java:1298) ~[na:na]
	at io.grpc.internal.DnsNameResolver$JdkAddressResolver.resolveAddress(DnsNameResolver.java:646) ~[grpc-core-1.28.1.jar:1.28.1]
	at io.grpc.internal.DnsNameResolver.resolveAll(DnsNameResolver.java:404) ~[grpc-core-1.28.1.jar:1.28.1]
	... 5 common frames omitted

[INFO] Tests run: 1, Failures: 0, Errors: 0, Skipped: 0, Time elapsed: 16.985 s - in com.*******.conferences.email.DemoApplicationTests
2020-05-26 15:13:12.536  WARN 70 --- [ault-executor-0] io.zeebe.client.job.poller               : Failed to activated jobs for worker email-worker and job type email

io.grpc.StatusRuntimeException: UNAVAILABLE: Unable to resolve host **-zeebe
	at io.grpc.Status.asRuntimeException(Status.java:533) ~[grpc-api-1.28.1.jar:1.28.1]
	at io.grpc.stub.ClientCalls$StreamObserverToCallListenerAdapter.onClose(ClientCalls.java:449) ~[grpc-stub-1.28.1.jar:1.28.1]
	at io.grpc.internal.ClientCallImpl.closeObserver(ClientCallImpl.java:426) ~[grpc-core-1.28.1.jar:1.28.1]
	at io.grpc.internal.ClientCallImpl.access$500(ClientCallImpl.java:66) ~[grpc-core-1.28.1.jar:1.28.1]
	at io.grpc.internal.ClientCallImpl$ClientStreamListenerImpl.close(ClientCallImpl.java:689) ~[grpc-core-1.28.1.jar:1.28.1]
	at io.grpc.internal.ClientCallImpl$ClientStreamListenerImpl.access$900(ClientCallImpl.java:577) ~[grpc-core-1.28.1.jar:1.28.1]
	at io.grpc.internal.ClientCallImpl$ClientStreamListenerImpl$1StreamClosed.runInternal(ClientCallImpl.java:751) ~[grpc-core-1.28.1.jar:1.28.1]
	at io.grpc.internal.ClientCallImpl$ClientStreamListenerImpl$1StreamClosed.runInContext(ClientCallImpl.java:740) ~[grpc-core-1.28.1.jar:1.28.1]
	at io.grpc.internal.ContextRunnable.run(ContextRunnable.java:37) ~[grpc-core-1.28.1.jar:1.28.1]
	at io.grpc.internal.SerializingExecutor.run(SerializingExecutor.java:123) ~[grpc-core-1.28.1.jar:1.28.1]
	at java.base/java.util.concurrent.ThreadPoolExecutor.runWorker(ThreadPoolExecutor.java:1128) ~[na:na]
	at java.base/java.util.concurrent.ThreadPoolExecutor$Worker.run(ThreadPoolExecutor.java:628) ~[na:na]
	at java.base/java.lang.Thread.run(Thread.java:834) ~[na:na]
Caused by: java.lang.RuntimeException: java.net.UnknownHostException: **-zeebe
	at io.grpc.internal.DnsNameResolver.resolveAll(DnsNameResolver.java:436) ~[grpc-core-1.28.1.jar:1.28.1]
	at io.grpc.internal.DnsNameResolver$Resolve.resolveInternal(DnsNameResolver.java:272) ~[grpc-core-1.28.1.jar:1.28.1]
	at io.grpc.internal.DnsNameResolver$Resolve.run(DnsNameResolver.java:228) ~[grpc-core-1.28.1.jar:1.28.1]
	... 3 common frames omitted
Caused by: java.net.UnknownHostException: **-zeebe
	at java.base/java.net.InetAddress$CachedAddresses.get(InetAddress.java:797) ~[na:na]
	at java.base/java.net.InetAddress.getAllByName0(InetAddress.java:1505) ~[na:na]
	at java.base/java.net.InetAddress.getAllByName(InetAddress.java:1364) ~[na:na]
	at java.base/java.net.InetAddress.getAllByName(InetAddress.java:1298) ~[na:na]
	at io.grpc.internal.DnsNameResolver$JdkAddressResolver.resolveAddress(DnsNameResolver.java:646) ~[grpc-core-1.28.1.jar:1.28.1]
	at io.grpc.internal.DnsNameResolver.resolveAll(DnsNameResolver.java:404) ~[grpc-core-1.28.1.jar:1.28.1]
	... 5 common frames omitted

2020-05-26 15:13:12.637  WARN 70 --- [ault-executor-0] io.zeebe.client.job.poller               : Failed to activated jobs for worker email-worker and job type email

io.grpc.StatusRuntimeException: UNAVAILABLE: Unable to resolve host **-zeebe
	at io.grpc.Status.asRuntimeException(Status.java:533) ~[grpc-api-1.28.1.jar:1.28.1]
	at io.grpc.stub.ClientCalls$StreamObserverToCallListenerAdapter.onClose(ClientCalls.java:449) ~[grpc-stub-1.28.1.jar:1.28.1]
	at io.grpc.internal.ClientCallImpl.closeObserver(ClientCallImpl.java:426) ~[grpc-core-1.28.1.jar:1.28.1]
	at io.grpc.internal.ClientCallImpl.access$500(ClientCallImpl.java:66) ~[grpc-core-1.28.1.jar:1.28.1]
	at io.grpc.internal.ClientCallImpl$ClientStreamListenerImpl.close(ClientCallImpl.java:689) ~[grpc-core-1.28.1.jar:1.28.1]
	at io.grpc.internal.ClientCallImpl$ClientStreamListenerImpl.access$900(ClientCallImpl.java:577) ~[grpc-core-1.28.1.jar:1.28.1]
	at io.grpc.internal.ClientCallImpl$ClientStreamListenerImpl$1StreamClosed.runInternal(ClientCallImpl.java:751) ~[grpc-core-1.28.1.jar:1.28.1]
	at io.grpc.internal.ClientCallImpl$ClientStreamListenerImpl$1StreamClosed.runInContext(ClientCallImpl.java:740) ~[grpc-core-1.28.1.jar:1.28.1]
	at io.grpc.internal.ContextRunnable.run(ContextRunnable.java:37) ~[grpc-core-1.28.1.jar:1.28.1]
	at io.grpc.internal.SerializingExecutor.run(SerializingExecutor.java:123) ~[grpc-core-1.28.1.jar:1.28.1]
	at java.base/java.util.concurrent.ThreadPoolExecutor.runWorker(ThreadPoolExecutor.java:1128) ~[na:na]
	at java.base/java.util.concurrent.ThreadPoolExecutor$Worker.run(ThreadPoolExecutor.java:628) ~[na:na]
	at java.base/java.lang.Thread.run(Thread.java:834) ~[na:na]
Caused by: java.lang.RuntimeException: java.net.UnknownHostException: **-zeebe
	at io.grpc.internal.DnsNameResolver.resolveAll(DnsNameResolver.java:436) ~[grpc-core-1.28.1.jar:1.28.1]
	at io.grpc.internal.DnsNameResolver$Resolve.resolveInternal(DnsNameResolver.java:272) ~[grpc-core-1.28.1.jar:1.28.1]
	at io.grpc.internal.DnsNameResolver$Resolve.run(DnsNameResolver.java:228) ~[grpc-core-1.28.1.jar:1.28.1]
	... 3 common frames omitted
Caused by: java.net.UnknownHostException: **-zeebe
	at java.base/java.net.InetAddress$CachedAddresses.get(InetAddress.java:797) ~[na:na]
	at java.base/java.net.InetAddress.getAllByName0(InetAddress.java:1505) ~[na:na]
	at java.base/java.net.InetAddress.getAllByName(InetAddress.java:1364) ~[na:na]
	at java.base/java.net.InetAddress.getAllByName(InetAddress.java:1298) ~[na:na]
	at io.grpc.internal.DnsNameResolver$JdkAddressResolver.resolveAddress(DnsNameResolver.java:646) ~[grpc-core-1.28.1.jar:1.28.1]
	at io.grpc.internal.DnsNameResolver.resolveAll(DnsNameResolver.java:404) ~[grpc-core-1.28.1.jar:1.28.1]
	... 5 common frames omitted

[WARNING] ForkStarter IOException: org.springframework.test.context.CacheAwareContextLoaderDelegate)]
 using SpringBootContextLoader
 Context.groovy}.
 non-private, non-final, nested classes annotated with @Configuration.
 org.springframework.boot.test.mock.mockito.ResetMocksTestExecutionListener, org.springframework.boot.test.autoconfigure.restdocs.RestDocsTestExecutionListener, org.springframework.boot.test.autoconfigure.web.client.MockRestServiceServerResetTestExecutionListener, org.springframework.boot.test.autoconfigure.web.servlet.MockMvcPrintOnlyOnFailureTestExecutionListener, org.springframework.boot.test.autoconfigure.web.servlet.WebDriverTestExecutionListener, org.springframework.test.context.web.ServletTestExecutionListener, org.springframework.test.context.support.DirtiesContextBeforeModesTestExecutionListener, org.springframework.test.context.support.DependencyInjectionTestExecutionListener, org.springframework.test.context.support.DirtiesContextTestExecutionListener, org.springframework.test.context.transaction.TransactionalTestExecutionListener, org.springframework.test.context.jdbc.SqlScriptsTestExecutionListener, org.springframework.test.context.event.EventPublishingTestExecutionListener]
 org.springframework.boot.test.mock.mockito.MockitoTestExecutionListener@2445445a, org.springframework.boot.test.autoconfigure.SpringBootDependencyInjectionTestExecutionListener@7502291e, org.springframework.test.context.support.DirtiesContextTestExecutionListener@17aad511, org.springframework.test.context.event.EventPublishingTestExecutionListener@487db668, org.springframework.boot.test.mock.mockito.ResetMocksTestExecutionListener@46944ca9, org.springframework.boot.test.autoconfigure.restdocs.RestDocsTestExecutionListener@22bac7bc, org.springframework.boot.test.autoconfigure.web.client.MockRestServiceServerResetTestExecutionListener@63798ca7, org.springframework.boot.test.autoconfigure.web.servlet.MockMvcPrintOnlyOnFailureTestExecutionListener@4612b856, org.springframework.boot.test.autoconfigure.web.servlet.WebDriverTestExecutionListener@22875539]. See the dump file /workspace/source/target/surefire-reports/2020-05-26T15-12-50_611-jvmRun1.dumpstream
[INFO] 
[INFO] Results:
[INFO] 
[INFO] Tests run: 1, Failures: 0, Errors: 0, Skipped: 0
[INFO] 
[INFO] 
[INFO] --- maven-jar-plugin:3.1.2:jar (default-jar) @ conference-email ---
[INFO] Building jar: /workspace/source/target/conference-email-0.0.16.jar
[INFO] 
[INFO] --- spring-boot-maven-plugin:2.2.6.RELEASE:repackage (repackage) @ conference-email ---
[INFO] Replacing main artifact with repackaged archive
[INFO] 
[INFO] --- maven-install-plugin:2.5.2:install (default-install) @ conference-email ---
[INFO] Installing /workspace/source/target/conference-email-0.0.16.jar to /home/jenkins/.mvnrepository/com/*******/conferences/conference-email/0.0.16/conference-email-0.0.16.jar
[INFO] Installing /workspace/source/pom.xml to /home/jenkins/.mvnrepository/com/*******/conferences/conference-email/0.0.16/conference-email-0.0.16.pom
[INFO] 
[INFO] --- maven-deploy-plugin:2.8.2:deploy (default-deploy) @ conference-email ---
[INFO] Using alternate deployment repository local-nexus::default::http://nexus/repository/maven-releases/
[INFO] ------------------------------------------------------------------------
[INFO] BUILD SUCCESS
[INFO] ------------------------------------------------------------------------
[INFO] Total time:  56.190 s
[INFO] Finished at: 2020-05-26T15:13:19Z
[INFO] ------------------------------------------------------------------------

Showing logs for build [32msalaboy-fmtok8s-email-master-re-5hl88-7[0m stage [32mfrom-build-pack[0m and container [32mstep-build-skaffold-version[0m
v1.0.1

Showing logs for build [32msalaboy-fmtok8s-email-master-re-5hl88-7[0m stage [32mfrom-build-pack[0m and container [32mstep-build-container-build[0m
E0526 15:13:21.545574      10 aws_credentials.go:77] while getting AWS credentials NoCredentialProviders: no valid providers in chain. Deprecated.
	For verbose messaging see aws.Config.CredentialsChainVerboseErrors
[36mINFO[0m[0001] Using dockerignore file: /workspace/source/.dockerignore 
[36mINFO[0m[0001] Retrieving image manifest openjdk:11-jre-slim 
E0526 15:13:21.929899      10 metadata.go:154] while reading 'google-dockercfg' metadata: http status code: 404 while fetching url http://metadata.google.internal./computeMetadata/v1/instance/attributes/google-dockercfg
E0526 15:13:21.932568      10 metadata.go:166] while reading 'google-dockercfg-url' metadata: http status code: 404 while fetching url http://metadata.google.internal./computeMetadata/v1/instance/attributes/google-dockercfg-url
[36mINFO[0m[0002] Retrieving image manifest openjdk:11-jre-slim 
[36mINFO[0m[0003] Built cross stage deps: map[]                
[36mINFO[0m[0003] Retrieving image manifest openjdk:11-jre-slim 
[36mINFO[0m[0004] Retrieving image manifest openjdk:11-jre-slim 
[36mINFO[0m[0005] Executing 0 build triggers                   
[36mINFO[0m[0005] cmd: EXPOSE                                  
[36mINFO[0m[0005] Adding exposed port: 8080/tcp                
[36mINFO[0m[0005] Resolving srcs [pom.xml target/lib*]...      
[36mINFO[0m[0005] Checking for cached layer gcr.io/camunda-researchanddevelopment/cache:2bbc1e5a4909cf7050f78922f8a01c691d2fc867cd59ee30a163c4578ff024d5... 
[36mINFO[0m[0005] No cached layer found for cmd COPY pom.xml target/lib* /opt/lib/ 
[36mINFO[0m[0005] Resolving srcs [target/*.jar]...             
[36mINFO[0m[0005] Unpacking rootfs as cmd COPY pom.xml target/lib* /opt/lib/ requires it. 
[36mINFO[0m[0011] ENV PORT 8080                                
[36mINFO[0m[0011] No files changed in this command, skipping snapshotting. 
[36mINFO[0m[0011] ENV CLASSPATH /opt/lib                       
[36mINFO[0m[0011] No files changed in this command, skipping snapshotting. 
[36mINFO[0m[0011] EXPOSE 8080                                  
[36mINFO[0m[0011] cmd: EXPOSE                                  
[36mINFO[0m[0011] Adding exposed port: 8080/tcp                
[36mINFO[0m[0011] No files changed in this command, skipping snapshotting. 
[36mINFO[0m[0011] Resolving srcs [pom.xml target/lib*]...      
[36mINFO[0m[0011] COPY pom.xml target/lib* /opt/lib/           
[36mINFO[0m[0011] Resolving srcs [pom.xml target/lib*]...      
[36mINFO[0m[0011] Resolving 1 paths                            
[36mINFO[0m[0011] Taking snapshot of files...                  
[36mINFO[0m[0011] Resolving srcs [target/*.jar]...             
[36mINFO[0m[0011] Pushing layer gcr.io/camunda-researchanddevelopment/cache:2bbc1e5a4909cf7050f78922f8a01c691d2fc867cd59ee30a163c4578ff024d5 to cache now 
[36mINFO[0m[0011] COPY target/*.jar /opt/app.jar               
[36mINFO[0m[0011] Resolving srcs [target/*.jar]...             
[36mINFO[0m[0011] Resolving 1 paths                            
[36mINFO[0m[0011] Taking snapshot of files...                  
[36mINFO[0m[0013] WORKDIR /opt                                 
[36mINFO[0m[0013] cmd: workdir                                 
[36mINFO[0m[0013] Changed working directory to /opt            
[36mINFO[0m[0013] Pushing layer gcr.io/camunda-researchanddevelopment/cache:2d3c156982ee39ece01691861a02f9a3ee1b31d82c57dbe3d195364930c931d2 to cache now 
[36mINFO[0m[0013] No files changed in this command, skipping snapshotting. 
[36mINFO[0m[0013] ENTRYPOINT exec java $JAVA_OPTS -jar app.jar 
[36mINFO[0m[0013] No files changed in this command, skipping snapshotting. 

Showing logs for build [32msalaboy-fmtok8s-email-master-re-5hl88-7[0m stage [32mfrom-build-pack[0m and container [32mstep-build-post-build[0m
no CVE provider running in the current ** namespace so skip adding image to be analysed

Showing logs for build [32msalaboy-fmtok8s-email-master-re-5hl88-7[0m stage [32mfrom-build-pack[0m and container [32mstep-promote-changelog[0m
Converted /workspace/source/charts/fmtok8s-email to an unshallow repository
Generating change log from git ref 80bc4e667a91e642f3ebe7aa7057b8a3fea6e11d => f76834f6ffc2d1ca196273b146cbc1f8ad467569
Associating user x-0 in users.jenkins.io with email *******@gmail.com to git GitProvider user with login -0 as emails match
Adding label jenkins.io/git-github-userid=-0 to user x-0 in users.jenkins.io
WARNING: Failed to enrich commit c565e940698c420f9caa939bb162ab49dd742351 with issues: User.jenkins.io "x-0" is invalid: metadata.labels: Invalid value: "-0": a valid label must be an empty string or consist of alphanumeric characters, '-', '_' or '.', and must start and end with an alphanumeric character (e.g. 'MyValue',  or 'my_value',  or '12345', regex used for validation is '(([A-Za-z0-9][-A-Za-z0-9_.]*)?[A-Za-z0-9])?')
Associating user x-0 in users.jenkins.io with email *******@gmail.com to git GitProvider user with login -0 as emails match
Adding label jenkins.io/git-github-userid=-0 to user x-0 in users.jenkins.io
WARNING: Failed to enrich commit c565e940698c420f9caa939bb162ab49dd742351 with issues: User.jenkins.io "x-0" is invalid: metadata.labels: Invalid value: "-0": a valid label must be an empty string or consist of alphanumeric characters, '-', '_' or '.', and must start and end with an alphanumeric character (e.g. 'MyValue',  or 'my_value',  or '12345', regex used for validation is '(([A-Za-z0-9][-A-Za-z0-9_.]*)?[A-Za-z0-9])?')
Finding issues in commit messages using git format
WARNING: No release found for *******/fmtok8s-email and tag v0.0.16 so creating a new release
Updated the release information at https://github.com/*******/fmtok8s-email/releases/tag/v0.0.16
generated: /workspace/source/charts/fmtok8s-email/templates/release.yaml
Created Release fmtok8s-email-0-0-16 resource in namespace **
Updating PipelineActivity *******-fmtok8s-email-master-7 with version 0.0.16
Updated PipelineActivities *******-fmtok8s-email-master-7 with release notes URL: https://github.com/*******/fmtok8s-email/releases/tag/v0.0.16

Showing logs for build [32msalaboy-fmtok8s-email-master-re-5hl88-7[0m stage [32mfrom-build-pack[0m and container [32mstep-promote-helm-release[0m
WARNING: No $CHART_REPOSITORY defined so using the default value of: http://jenkins-x-chartmuseum:8080
Adding missing Helm repo: storage.googleapis.com https://storage.googleapis.com/chartmuseum.jenkins-x.io
Successfully added Helm repository storage.googleapis.com.
Adding missing Helm repo: jenkins-x-chartmuseum http://jenkins-x-chartmuseum:8080
Successfully added Helm repository jenkins-x-chartmuseum.
WARNING: No $CHART_REPOSITORY defined so using the default value of: http://jenkins-x-chartmuseum:8080
Uploading chart file fmtok8s-email-0.0.16.tgz to http://jenkins-x-chartmuseum:8080/api/charts
Received 201 response: {"saved":true}

Showing logs for build [32msalaboy-fmtok8s-email-master-re-5hl88-7[0m stage [32mfrom-build-pack[0m and container [32mstep-promote-jx-promote[0m
WARNING: prow based install so skip waiting for the merge of Pull Requests to go green as currently there is an issue with gettingstatuses from the PR, see https://github.com/jenkins-x/**/issues/2410
WARNING: No $CHART_REPOSITORY defined so using the default value of: http://jenkins-x-chartmuseum:8080
Promoting app fmtok8s-email version 0.0.16 to namespace **-staging
Created Pull Request: https://github.com/*******/environment-jnation-tests-staging/pull/24
Added label updatebot to Pull Request https://github.com/*******/environment-jnation-tests-staging/pull/24
got git provider status pending from PR https://github.com/*******/environment-jnation-tests-staging/pull/24
got git provider status pending from PR https://github.com/*******/environment-jnation-tests-staging/pull/24
Pull Request https://github.com/*******/environment-jnation-tests-staging/pull/24 is merged at sha b9d1b14e873db9ee0e1497eda214f44c0703180f
Pull Request merged but we are not waiting for the update pipeline to complete!

Showing logs for build [32msalaboy-fmtok8s-email-master-re-5hl88-7[0m stage [32mfrom-build-pack[0m and container [32mstep-promote-step10[0m
Using https://github.com/*******/fmtok8s-email as source for change discovered from git repo in /workspace/source
Updated Pull Request: https://github.com/*******/fmtok8s-kubecon-app/pull/15
Added label updatebot to Pull Request https://github.com/*******/fmtok8s-kubecon-app/pull/15
