
Showing logs for build [32msalaboy-fmtok8s-email-master-re-pdnnz-9[0m stage [32mfrom-build-pack[0m and container [32mstep-credential-initializer-wxhht[0m
{"level":"warn","ts":1583323029.7369864,"logger":"fallback-logger","caller":"logging/config.go:69","msg":"Fetch GitHub commit ID from kodata failed: \"ref: refs/heads/0.8.0-**-support-backwards-incompats\" is not a valid GitHub commit ID"}
{"level":"info","ts":1583323029.7374873,"logger":"fallback-logger","caller":"creds-init/main.go:40","msg":"Credentials initialized."}

Showing logs for build [32msalaboy-fmtok8s-email-master-re-pdnnz-9[0m stage [32mfrom-build-pack[0m and container [32mstep-working-dir-initializer-xckbt[0m
{"level":"warn","ts":1583323030.6667037,"logger":"fallback-logger","caller":"logging/config.go:69","msg":"Fetch GitHub commit ID from kodata failed: open /var/run/ko/HEAD: no such file or directory"}
{"level":"info","ts":1583323030.6687424,"logger":"fallback-logger","caller":"bash/main.go:64","msg":"Successfully executed command \"sh -c mkdir -p /workspace/source\"; output "}

Showing logs for build [32msalaboy-fmtok8s-email-master-re-pdnnz-9[0m stage [32mfrom-build-pack[0m and container [32mstep-place-tools[0m

Showing logs for build [32msalaboy-fmtok8s-email-master-re-pdnnz-9[0m stage [32mfrom-build-pack[0m and container [32mstep-git-source-salaboy-fmtok8s-email-master-re-pdnnz-qhc4v[0m
{"level":"warn","ts":1583323055.8554742,"logger":"fallback-logger","caller":"logging/config.go:69","msg":"Fetch GitHub commit ID from kodata failed: \"ref: refs/heads/0.8.0-**-support-backwards-incompats\" is not a valid GitHub commit ID"}
{"level":"info","ts":1583323057.0770583,"logger":"fallback-logger","caller":"git/git.go:103","msg":"Successfully cloned https://github.com/*******/fmtok8s-email.git @ v0.0.7 in path /workspace/source"}

Showing logs for build [32msalaboy-fmtok8s-email-master-re-pdnnz-9[0m stage [32mfrom-build-pack[0m and container [32mstep-git-merge[0m
Using SHAs from PULL_REFS=master:ad0fd080d0bf0a368ad0c02bda2bd901ce805f46
WARNING: no SHAs to merge, falling back to initial cloned commit

Showing logs for build [32msalaboy-fmtok8s-email-master-re-pdnnz-9[0m stage [32mfrom-build-pack[0m and container [32mstep-setup-jx-git-credentials[0m
Generated Git credentials file /workspace/xdg_config/git/credentials

Showing logs for build [32msalaboy-fmtok8s-email-master-re-pdnnz-9[0m stage [32mfrom-build-pack[0m and container [32mstep-build-mvn-deploy[0m
Picked up _JAVA_OPTIONS: -XX:+UnlockExperimentalVMOptions -Dsun.zip.disableMemoryMapping=true -XX:+UseParallelGC -XX:MinHeapFreeRatio=5 -XX:MaxHeapFreeRatio=10 -XX:GCTimeRatio=4 -XX:AdaptiveSizePolicyWeight=90 -Xms10m -Xmx192m
[INFO] Scanning for projects...
[INFO] 
[INFO] --------------< com.*******.conferences:conference-email >--------------
[INFO] Building From Monolith to K8S :: Email Service 0.0.7
[INFO] --------------------------------[ jar ]---------------------------------
[INFO] 
[INFO] --- maven-clean-plugin:3.1.0:clean (default-clean) @ conference-email ---
[INFO] 
[INFO] --- maven-resources-plugin:3.1.0:resources (default-resources) @ conference-email ---
[INFO] Using 'UTF-8' encoding to copy filtered resources.
[INFO] Copying 1 resource
[INFO] Copying 0 resource
[INFO] 
[INFO] --- maven-compiler-plugin:3.8.1:compile (default-compile) @ conference-email ---
[INFO] Changes detected - recompiling the module!
[INFO] Compiling 2 source files to /workspace/source/target/classes
[INFO] -------------------------------------------------------------
[ERROR] COMPILATION ERROR : 
[INFO] -------------------------------------------------------------
[ERROR] /workspace/source/src/main/java/com/*******/conferences/email/DemoApplication.java:[5,36] package io.zeebe.client.api.response does not exist
[ERROR] /workspace/source/src/main/java/com/*******/conferences/email/DemoApplication.java:[6,34] package io.zeebe.client.api.worker does not exist
[ERROR] /workspace/source/src/main/java/com/*******/conferences/email/DemoApplication.java:[7,30] package io.zeebe.spring.client does not exist
[ERROR] /workspace/source/src/main/java/com/*******/conferences/email/DemoApplication.java:[8,41] package io.zeebe.spring.client.annotation does not exist
[ERROR] /workspace/source/src/main/java/com/*******/conferences/email/DemoApplication.java:[18,2] cannot find symbol
  symbol: class EnableZeebeClient
[ERROR] /workspace/source/src/main/java/com/*******/conferences/email/DemoApplication.java:[75,45] cannot find symbol
  symbol:   class JobClient
  location: class com.*******.conferences.email.DemoApplication
[ERROR] /workspace/source/src/main/java/com/*******/conferences/email/DemoApplication.java:[75,69] cannot find symbol
  symbol:   class ActivatedJob
  location: class com.*******.conferences.email.DemoApplication
[ERROR] /workspace/source/src/main/java/com/*******/conferences/email/DemoApplication.java:[74,6] cannot find symbol
  symbol:   class ZeebeWorker
  location: class com.*******.conferences.email.DemoApplication
[INFO] 8 errors 
[INFO] -------------------------------------------------------------
[INFO] ------------------------------------------------------------------------
[INFO] BUILD FAILURE
[INFO] ------------------------------------------------------------------------
[INFO] Total time:  22.625 s
[INFO] Finished at: 2020-03-04T11:58:05Z
[INFO] ------------------------------------------------------------------------
[ERROR] Failed to execute goal org.apache.maven.plugins:maven-compiler-plugin:3.8.1:compile (default-compile) on project conference-email: Compilation failure: Compilation failure: 
[ERROR] /workspace/source/src/main/java/com/*******/conferences/email/DemoApplication.java:[5,36] package io.zeebe.client.api.response does not exist
[ERROR] /workspace/source/src/main/java/com/*******/conferences/email/DemoApplication.java:[6,34] package io.zeebe.client.api.worker does not exist
[ERROR] /workspace/source/src/main/java/com/*******/conferences/email/DemoApplication.java:[7,30] package io.zeebe.spring.client does not exist
[ERROR] /workspace/source/src/main/java/com/*******/conferences/email/DemoApplication.java:[8,41] package io.zeebe.spring.client.annotation does not exist
[ERROR] /workspace/source/src/main/java/com/*******/conferences/email/DemoApplication.java:[18,2] cannot find symbol
[ERROR]   symbol: class EnableZeebeClient
[ERROR] /workspace/source/src/main/java/com/*******/conferences/email/DemoApplication.java:[75,45] cannot find symbol
[ERROR]   symbol:   class JobClient
[ERROR]   location: class com.*******.conferences.email.DemoApplication
[ERROR] /workspace/source/src/main/java/com/*******/conferences/email/DemoApplication.java:[75,69] cannot find symbol
[ERROR]   symbol:   class ActivatedJob
[ERROR]   location: class com.*******.conferences.email.DemoApplication
[ERROR] /workspace/source/src/main/java/com/*******/conferences/email/DemoApplication.java:[74,6] cannot find symbol
[ERROR]   symbol:   class ZeebeWorker
[ERROR]   location: class com.*******.conferences.email.DemoApplication
[ERROR] -> [Help 1]
[ERROR] 
[ERROR] To see the full stack trace of the errors, re-run Maven with the -e switch.
[ERROR] Re-run Maven using the -X switch to enable full debug logging.
[ERROR] 
[ERROR] For more information about the errors and possible solutions, please read the following articles:
[ERROR] [Help 1] http://cwiki.apache.org/confluence/display/MAVEN/MojoFailureException
[31m
Pipeline failed on stage 'from-build-pack' : container 'step-build-mvn-deploy'. The execution of the pipeline has stopped.[0m
